#
# There is insufficient memory for the Java Runtime Environment to continue.
# Native memory allocation (malloc) failed to allocate 1435216 bytes for Chunk::new
# Possible reasons:
#   The system is out of physical RAM or swap space
#   The process is running with CompressedOops enabled, and the Java Heap may be blocking the growth of the native heap
# Possible solutions:
#   Reduce memory load on the system
#   Increase physical memory or swap space
#   Check if swap backing store is full
#   Decrease Java heap size (-Xmx/-Xms)
#   Decrease number of Java threads
#   Decrease Java thread stack sizes (-Xss)
#   Set larger code cache with -XX:ReservedCodeCacheSize=
#   JVM is running with Unscaled Compressed Oops mode in which the Java heap is
#     placed in the first 4GB address space. The Java Heap base address is the
#     maximum limit for the native heap growth. Please use -XX:HeapBaseMinAddress
#     to set the Java Heap base and to place the Java Heap above 4GB virtual address.
# This output file may be truncated or incomplete.
#
#  Out of Memory Error (arena.cpp:191), pid=23316, tid=20996
#
# JRE version: OpenJDK Runtime Environment JBR-17.0.10+1-1087.21-jcef (17.0.10+1) (build 17.0.10+1-b1087.21)
# Java VM: OpenJDK 64-Bit Server VM JBR-17.0.10+1-1087.21-jcef (17.0.10+1-b1087.21, mixed mode, tiered, compressed oops, compressed class ptrs, g1 gc, windows-amd64)
# No core dump will be written. Minidumps are not enabled by default on client versions of Windows
#

---------------  S U M M A R Y ------------

Command Line: --add-opens=java.base/java.util=ALL-UNNAMED --add-opens=java.base/java.lang=ALL-UNNAMED --add-opens=java.base/java.lang.invoke=ALL-UNNAMED --add-opens=java.base/java.util=ALL-UNNAMED --add-opens=java.prefs/java.util.prefs=ALL-UNNAMED --add-opens=java.prefs/java.util.prefs=ALL-UNNAMED --add-opens=java.base/java.nio.charset=ALL-UNNAMED --add-opens=java.base/java.net=ALL-UNNAMED --add-opens=java.base/java.util.concurrent.atomic=ALL-UNNAMED -XX:MaxMetaspaceSize=256m -XX:+HeapDumpOnOutOfMemoryError -Xms256m -Xmx512m -Dfile.encoding=windows-1252 -Duser.country=BR -Duser.language=pt -Duser.variant org.gradle.launcher.daemon.bootstrap.GradleDaemon 7.5

Host: AMD Ryzen 5 5600X 6-Core Processor             , 12 cores, 15G,  Windows 10 , 64 bit Build 19041 (10.0.19041.3636)
Time: Sun Apr 28 20:52:22 2024 Hora oficial do Brasil elapsed time: 128.840103 seconds (0d 0h 2m 8s)

---------------  T H R E A D  ---------------

Current thread (0x000001b5479a84b0):  JavaThread "C2 CompilerThread0" daemon [_thread_in_native, id=20996, stack(0x0000004a0e000000,0x0000004a0e100000)]


Current CompileTask:
C2: 128840 11442       4       org.gradle.internal.service.DefaultServiceRegistry$SingletonService::get (5 bytes)

Stack: [0x0000004a0e000000,0x0000004a0e100000]
Native frames: (J=compiled Java code, j=interpreted, Vv=VM code, C=native code)
V  [jvm.dll+0x688ac9]
V  [jvm.dll+0x84220a]
V  [jvm.dll+0x843e4e]
V  [jvm.dll+0x8444b3]
V  [jvm.dll+0x24ba8f]
V  [jvm.dll+0xac524]
V  [jvm.dll+0xacb6c]
V  [jvm.dll+0x36b972]
V  [jvm.dll+0x1bdd96]
V  [jvm.dll+0x21d8a9]
V  [jvm.dll+0x21cb71]
V  [jvm.dll+0x1a603d]
V  [jvm.dll+0x22ca18]
V  [jvm.dll+0x22ab50]
V  [jvm.dll+0x7f6687]
V  [jvm.dll+0x7f0a8a]
V  [jvm.dll+0x687945]
C  [ucrtbase.dll+0x21bb2]
C  [KERNEL32.DLL+0x17344]
C  [ntdll.dll+0x526b1]


---------------  P R O C E S S  ---------------

Threads class SMR info:
_java_thread_list=0x000001b54ccbdf40, length=51, elements={
0x000001b530b7ead0, 0x000001b547978270, 0x000001b547979eb0, 0x000001b5479a1660,
0x000001b5479a2030, 0x000001b5479a4910, 0x000001b5479a51e0, 0x000001b5479a84b0,
0x000001b5479a8e70, 0x000001b5479c0520, 0x000001b547b61320, 0x000001b547b7aee0,
0x000001b54dae4d50, 0x000001b54ce167a0, 0x000001b54d01a7b0, 0x000001b54cd83460,
0x000001b54d36c680, 0x000001b54d36dac0, 0x000001b54d36d0a0, 0x000001b54d36b240,
0x000001b54d36b750, 0x000001b54d36c170, 0x000001b54d36cb90, 0x000001b54f2a8200,
0x000001b54f2aa060, 0x000001b54f2a9130, 0x000001b54f2ab4a0, 0x000001b54f2a9b50,
0x000001b54f2ac8e0, 0x000001b54f2a68b0, 0x000001b54f2a5980, 0x000001b55071df40,
0x000001b55009af90, 0x000001b55009d300, 0x000001b55009d810, 0x000001b5500963a0,
0x000001b5500972d0, 0x000001b550099640, 0x000001b5500977e0, 0x000001b54c7fdf50,
0x000001b54d61b7a0, 0x000001b55071da30, 0x000001b55071d520, 0x000001b55071ee70,
0x000001b5507211e0, 0x000001b55071b1b0, 0x000001b5507202b0, 0x000001b55071cb00,
0x000001b5507207c0, 0x000001b55071e450, 0x000001b55071fda0
}

Java Threads: ( => current thread )
  0x000001b530b7ead0 JavaThread "main" [_thread_blocked, id=19772, stack(0x0000004a0d300000,0x0000004a0d400000)]
  0x000001b547978270 JavaThread "Reference Handler" daemon [_thread_blocked, id=20964, stack(0x0000004a0da00000,0x0000004a0db00000)]
  0x000001b547979eb0 JavaThread "Finalizer" daemon [_thread_blocked, id=20968, stack(0x0000004a0db00000,0x0000004a0dc00000)]
  0x000001b5479a1660 JavaThread "Signal Dispatcher" daemon [_thread_blocked, id=20976, stack(0x0000004a0dc00000,0x0000004a0dd00000)]
  0x000001b5479a2030 JavaThread "Attach Listener" daemon [_thread_blocked, id=20984, stack(0x0000004a0dd00000,0x0000004a0de00000)]
  0x000001b5479a4910 JavaThread "Service Thread" daemon [_thread_blocked, id=20988, stack(0x0000004a0de00000,0x0000004a0df00000)]
  0x000001b5479a51e0 JavaThread "Monitor Deflation Thread" daemon [_thread_blocked, id=20992, stack(0x0000004a0df00000,0x0000004a0e000000)]
=>0x000001b5479a84b0 JavaThread "C2 CompilerThread0" daemon [_thread_in_native, id=20996, stack(0x0000004a0e000000,0x0000004a0e100000)]
  0x000001b5479a8e70 JavaThread "C1 CompilerThread0" daemon [_thread_blocked, id=21000, stack(0x0000004a0e100000,0x0000004a0e200000)]
  0x000001b5479c0520 JavaThread "Sweeper thread" daemon [_thread_blocked, id=21004, stack(0x0000004a0e200000,0x0000004a0e300000)]
  0x000001b547b61320 JavaThread "Common-Cleaner" daemon [_thread_blocked, id=21008, stack(0x0000004a0e300000,0x0000004a0e400000)]
  0x000001b547b7aee0 JavaThread "Notification Thread" daemon [_thread_blocked, id=21012, stack(0x0000004a0e400000,0x0000004a0e500000)]
  0x000001b54dae4d50 JavaThread "Daemon health stats" [_thread_blocked, id=5028, stack(0x0000004a0ed00000,0x0000004a0ee00000)]
  0x000001b54ce167a0 JavaThread "Incoming local TCP Connector on port 52514" [_thread_in_native, id=12252, stack(0x0000004a0ee00000,0x0000004a0ef00000)]
  0x000001b54d01a7b0 JavaThread "Daemon periodic checks" [_thread_blocked, id=18916, stack(0x0000004a0ef00000,0x0000004a0f000000)]
  0x000001b54cd83460 JavaThread "Daemon" [_thread_blocked, id=14448, stack(0x0000004a0f000000,0x0000004a0f100000)]
  0x000001b54d36c680 JavaThread "Daemon worker" [_thread_in_native, id=14532, stack(0x0000004a0f300000,0x0000004a0f400000)]
  0x000001b54d36dac0 JavaThread "Cache worker for journal cache (C:\Users\karla\.gradle\caches\journal-1)" [_thread_blocked, id=12148, stack(0x0000004a0f700000,0x0000004a0f800000)]
  0x000001b54d36d0a0 JavaThread "File lock request listener" [_thread_in_native, id=12336, stack(0x0000004a0f800000,0x0000004a0f900000)]
  0x000001b54d36b240 JavaThread "File lock release action executor" [_thread_blocked, id=14780, stack(0x0000004a0fd00000,0x0000004a0fe00000)]
  0x000001b54d36b750 JavaThread "Cache worker for file hash cache (C:\Users\karla\.gradle\caches\7.5\fileHashes)" [_thread_blocked, id=12852, stack(0x0000004a0fe00000,0x0000004a0ff00000)]
  0x000001b54d36c170 JavaThread "File watcher server" daemon [_thread_in_native, id=7764, stack(0x0000004a10100000,0x0000004a10200000)]
  0x000001b54d36cb90 JavaThread "File watcher consumer" daemon [_thread_blocked, id=18720, stack(0x0000004a10200000,0x0000004a10300000)]
  0x000001b54f2a8200 JavaThread "Cache worker for file content cache (C:\Users\karla\.gradle\caches\7.5\fileContent)" [_thread_blocked, id=9168, stack(0x0000004a10500000,0x0000004a10600000)]
  0x000001b54f2aa060 JavaThread "Cache worker for execution history cache (C:\Users\karla\.gradle\caches\7.5\executionHistory)" [_thread_blocked, id=22568, stack(0x0000004a10800000,0x0000004a10900000)]
  0x000001b54f2a9130 JavaThread "jar transforms" [_thread_blocked, id=20544, stack(0x0000004a10900000,0x0000004a10a00000)]
  0x000001b54f2ab4a0 JavaThread "jar transforms Thread 2" [_thread_blocked, id=21424, stack(0x0000004a0ff00000,0x0000004a10000000)]
  0x000001b54f2a9b50 JavaThread "jar transforms Thread 3" [_thread_blocked, id=20044, stack(0x0000004a10b00000,0x0000004a10c00000)]
  0x000001b54f2ac8e0 JavaThread "jar transforms Thread 4" [_thread_blocked, id=19976, stack(0x0000004a10000000,0x0000004a10100000)]
  0x000001b54f2a68b0 JavaThread "jar transforms Thread 5" [_thread_blocked, id=20912, stack(0x0000004a10a00000,0x0000004a10b00000)]
  0x000001b54f2a5980 JavaThread "jar transforms Thread 6" [_thread_blocked, id=21536, stack(0x0000004a10e00000,0x0000004a10f00000)]
  0x000001b55071df40 JavaThread "jar transforms Thread 7" [_thread_blocked, id=18712, stack(0x0000004a11000000,0x0000004a11100000)]
  0x000001b55009af90 JavaThread "jar transforms Thread 8" [_thread_blocked, id=6768, stack(0x0000004a15700000,0x0000004a15800000)]
  0x000001b55009d300 JavaThread "jar transforms Thread 9" [_thread_blocked, id=17152, stack(0x0000004a15800000,0x0000004a15900000)]
  0x000001b55009d810 JavaThread "jar transforms Thread 10" [_thread_blocked, id=20024, stack(0x0000004a15900000,0x0000004a15a00000)]
  0x000001b5500963a0 JavaThread "jar transforms Thread 11" [_thread_blocked, id=19452, stack(0x0000004a15a00000,0x0000004a15b00000)]
  0x000001b5500972d0 JavaThread "jar transforms Thread 12" [_thread_blocked, id=23088, stack(0x0000004a15b00000,0x0000004a15c00000)]
  0x000001b550099640 JavaThread "Memory manager" [_thread_blocked, id=21380, stack(0x0000004a15d00000,0x0000004a15e00000)]
  0x000001b5500977e0 JavaThread "included builds" [_thread_blocked, id=21780, stack(0x0000004a15f00000,0x0000004a16000000)]
  0x000001b54c7fdf50 JavaThread "Daemon Thread 2" [_thread_blocked, id=23256, stack(0x0000004a17b00000,0x0000004a17c00000)]
  0x000001b54d61b7a0 JavaThread "Cache worker for Java compile cache (C:\Users\karla\.gradle\caches\7.5\javaCompile)" [_thread_blocked, id=18924, stack(0x0000004a0d100000,0x0000004a0d200000)]
  0x000001b55071da30 JavaThread "Handler for socket connection from /127.0.0.1:52514 to /127.0.0.1:53520" [_thread_in_native, id=5572, stack(0x0000004a0d000000,0x0000004a0d100000)]
  0x000001b55071d520 JavaThread "Cancel handler" [_thread_blocked, id=16160, stack(0x0000004a0f100000,0x0000004a0f200000)]
  0x000001b55071ee70 JavaThread "Asynchronous log dispatcher for DefaultDaemonConnection: socket connection from /127.0.0.1:52514 to /127.0.0.1:53520" [_thread_blocked, id=21620, stack(0x0000004a0d200000,0x0000004a0d300000)]
  0x000001b5507211e0 JavaThread "Stdin handler" [_thread_blocked, id=21792, stack(0x0000004a0f200000,0x0000004a0f300000)]
  0x000001b55071b1b0 JavaThread "Daemon client event forwarder" [_thread_blocked, id=19504, stack(0x0000004a0f400000,0x0000004a0f500000)]
  0x000001b5507202b0 JavaThread "Cache worker for checksums cache (C:\Users\karla\Desktop\Curso T.I. Fundatec\atividade3LP3\AddressApi\.gradle\7.5\checksums)" [_thread_blocked, id=16960, stack(0x0000004a0f500000,0x0000004a0f600000)]
  0x000001b55071cb00 JavaThread "Cache worker for cache directory md-rule (C:\Users\karla\.gradle\caches\7.5\md-rule)" [_thread_blocked, id=21728, stack(0x0000004a0f600000,0x0000004a0f700000)]
  0x000001b5507207c0 JavaThread "Cache worker for file hash cache (C:\Users\karla\Desktop\Curso T.I. Fundatec\atividade3LP3\AddressApi\.gradle\7.5\fileHashes)" [_thread_blocked, id=22716, stack(0x0000004a10300000,0x0000004a10400000)]
  0x000001b55071e450 JavaThread "Cache worker for cache directory md-supplier (C:\Users\karla\.gradle\caches\7.5\md-supplier)" [_thread_blocked, id=20716, stack(0x0000004a10400000,0x0000004a10500000)]
  0x000001b55071fda0 JavaThread "Cache worker for dependencies-accessors (C:\Users\karla\Desktop\Curso T.I. Fundatec\atividade3LP3\AddressApi\.gradle\7.5\dependencies-accessors)" [_thread_blocked, id=23412, stack(0x0000004a10600000,0x0000004a10700000)]

Other Threads:
  0x000001b5477fe8b0 VMThread "VM Thread" [stack: 0x0000004a0d900000,0x0000004a0da00000] [id=20960]
  0x000001b547b7d7e0 WatcherThread [stack: 0x0000004a0e500000,0x0000004a0e600000] [id=21016]
  0x000001b530bad980 GCTaskThread "GC Thread#0" [stack: 0x0000004a0d400000,0x0000004a0d500000] [id=12608]
  0x000001b54c6f80f0 GCTaskThread "GC Thread#1" [stack: 0x0000004a0e800000,0x0000004a0e900000] [id=20644]
  0x000001b54c6f83b0 GCTaskThread "GC Thread#2" [stack: 0x0000004a0e900000,0x0000004a0ea00000] [id=23252]
  0x000001b54ccc6530 GCTaskThread "GC Thread#3" [stack: 0x0000004a0ea00000,0x0000004a0eb00000] [id=23336]
  0x000001b54ccc67f0 GCTaskThread "GC Thread#4" [stack: 0x0000004a0eb00000,0x0000004a0ec00000] [id=15588]
  0x000001b54ccc6ab0 GCTaskThread "GC Thread#5" [stack: 0x0000004a0ec00000,0x0000004a0ed00000] [id=9880]
  0x000001b54dbf1c40 GCTaskThread "GC Thread#6" [stack: 0x0000004a0e600000,0x0000004a0e700000] [id=22576]
  0x000001b54d71fac0 GCTaskThread "GC Thread#7" [stack: 0x0000004a0e700000,0x0000004a0e800000] [id=14304]
  0x000001b54dea5300 GCTaskThread "GC Thread#8" [stack: 0x0000004a0f900000,0x0000004a0fa00000] [id=23436]
  0x000001b54e0c71f0 GCTaskThread "GC Thread#9" [stack: 0x0000004a0fa00000,0x0000004a0fb00000] [id=23340]
  0x000001b530bb27e0 ConcurrentGCThread "G1 Main Marker" [stack: 0x0000004a0d500000,0x0000004a0d600000] [id=20884]
  0x000001b530bb48d0 ConcurrentGCThread "G1 Conc#0" [stack: 0x0000004a0d600000,0x0000004a0d700000] [id=20896]
  0x000001b54d632570 ConcurrentGCThread "G1 Conc#1" [stack: 0x0000004a0fb00000,0x0000004a0fc00000] [id=23328]
  0x000001b54e125430 ConcurrentGCThread "G1 Conc#2" [stack: 0x0000004a0fc00000,0x0000004a0fd00000] [id=18328]
  0x000001b54767c540 ConcurrentGCThread "G1 Refine#0" [stack: 0x0000004a0d700000,0x0000004a0d800000] [id=20952]
  0x000001b54767cd80 ConcurrentGCThread "G1 Service" [stack: 0x0000004a0d800000,0x0000004a0d900000] [id=20956]

Threads with active compile tasks:
C2 CompilerThread0   128853 11442       4       org.gradle.internal.service.DefaultServiceRegistry$SingletonService::get (5 bytes)

VM state: not at safepoint (normal execution)

VM Mutex/Monitor currently owned by a thread: None

Heap address: 0x00000000e0000000, size: 512 MB, Compressed Oops mode: 32-bit

CDS archive(s) not mapped
Compressed class space mapped at: 0x0000000100000000-0x000000010d000000, reserved size: 218103808
Narrow klass base: 0x0000000000000000, Narrow klass shift: 3, Narrow klass range: 0x10d000000

GC Precious Log:
 CPUs: 12 total, 12 available
 Memory: 16291M
 Large Page Support: Disabled
 NUMA Support: Disabled
 Compressed Oops: Enabled (32-bit)
 Heap Region Size: 1M
 Heap Min Capacity: 256M
 Heap Initial Capacity: 256M
 Heap Max Capacity: 512M
 Pre-touch: Disabled
 Parallel Workers: 10
 Concurrent Workers: 3
 Concurrent Refinement Workers: 10
 Periodic GC: Disabled

Heap:
 garbage-first heap   total 262144K, used 152473K [0x00000000e0000000, 0x0000000100000000)
  region size 1024K, 113 young (115712K), 17 survivors (17408K)
 Metaspace       used 77721K, committed 78336K, reserved 344064K
  class space    used 10256K, committed 10496K, reserved 212992K

Heap Regions: E=young(eden), S=young(survivor), O=old, HS=humongous(starts), HC=humongous(continues), CS=collection set, F=free, OA=open archive, CA=closed archive, TAMS=top-at-mark-start (previous, next)
|   0|0x00000000e0000000, 0x00000000e0100000, 0x00000000e0100000|100%|HS|  |TAMS 0x00000000e0100000, 0x00000000e0000000| Complete 
|   1|0x00000000e0100000, 0x00000000e0200000, 0x00000000e0200000|100%| O|  |TAMS 0x00000000e0200000, 0x00000000e0100000| Untracked 
|   2|0x00000000e0200000, 0x00000000e0300000, 0x00000000e0300000|100%| O|  |TAMS 0x00000000e0300000, 0x00000000e0200000| Untracked 
|   3|0x00000000e0300000, 0x00000000e0400000, 0x00000000e0400000|100%|HS|  |TAMS 0x00000000e0400000, 0x00000000e0300000| Complete 
|   4|0x00000000e0400000, 0x00000000e0500000, 0x00000000e0500000|100%|HC|  |TAMS 0x00000000e0500000, 0x00000000e0400000| Complete 
|   5|0x00000000e0500000, 0x00000000e0600000, 0x00000000e0600000|100%|HC|  |TAMS 0x00000000e0600000, 0x00000000e0500000| Complete 
|   6|0x00000000e0600000, 0x00000000e0700000, 0x00000000e0700000|100%| O|  |TAMS 0x00000000e0700000, 0x00000000e0600000| Untracked 
|   7|0x00000000e0700000, 0x00000000e0800000, 0x00000000e0800000|100%| O|  |TAMS 0x00000000e0800000, 0x00000000e0700000| Untracked 
|   8|0x00000000e0800000, 0x00000000e0900000, 0x00000000e0900000|100%| O|  |TAMS 0x00000000e0900000, 0x00000000e0800000| Untracked 
|   9|0x00000000e0900000, 0x00000000e0a00000, 0x00000000e0a00000|100%| O|  |TAMS 0x00000000e0a00000, 0x00000000e0900000| Untracked 
|  10|0x00000000e0a00000, 0x00000000e0b00000, 0x00000000e0b00000|100%| O|  |TAMS 0x00000000e0b00000, 0x00000000e0a00000| Untracked 
|  11|0x00000000e0b00000, 0x00000000e0c00000, 0x00000000e0c00000|100%| O|  |TAMS 0x00000000e0b00000, 0x00000000e0b00000| Untracked 
|  12|0x00000000e0c00000, 0x00000000e0d00000, 0x00000000e0d00000|100%| O|  |TAMS 0x00000000e0c00000, 0x00000000e0c00000| Untracked 
|  13|0x00000000e0d00000, 0x00000000e0e00000, 0x00000000e0e00000|100%| O|  |TAMS 0x00000000e0d00000, 0x00000000e0d00000| Untracked 
|  14|0x00000000e0e00000, 0x00000000e0f00000, 0x00000000e0f00000|100%| O|  |TAMS 0x00000000e0f00000, 0x00000000e0e00000| Untracked 
|  15|0x00000000e0f00000, 0x00000000e1000000, 0x00000000e1000000|100%| O|  |TAMS 0x00000000e1000000, 0x00000000e0f00000| Untracked 
|  16|0x00000000e1000000, 0x00000000e1100000, 0x00000000e1100000|100%| O|  |TAMS 0x00000000e1100000, 0x00000000e1000000| Untracked 
|  17|0x00000000e1100000, 0x00000000e1200000, 0x00000000e1200000|100%| O|  |TAMS 0x00000000e11ffc00, 0x00000000e1100000| Untracked 
|  18|0x00000000e1200000, 0x00000000e1300000, 0x00000000e1300000|100%| O|  |TAMS 0x00000000e1200000, 0x00000000e1200000| Untracked 
|  19|0x00000000e1300000, 0x00000000e1400000, 0x00000000e1400000|100%| O|  |TAMS 0x00000000e1300000, 0x00000000e1300000| Untracked 
|  20|0x00000000e1400000, 0x00000000e1500000, 0x00000000e1500000|100%| O|  |TAMS 0x00000000e1400000, 0x00000000e1400000| Untracked 
|  21|0x00000000e1500000, 0x00000000e1600000, 0x00000000e1600000|100%| O|  |TAMS 0x00000000e1500000, 0x00000000e1500000| Untracked 
|  22|0x00000000e1600000, 0x00000000e1700000, 0x00000000e1700000|100%| O|  |TAMS 0x00000000e1600000, 0x00000000e1600000| Untracked 
|  23|0x00000000e1700000, 0x00000000e1800000, 0x00000000e1800000|100%| O|  |TAMS 0x00000000e1700000, 0x00000000e1700000| Untracked 
|  24|0x00000000e1800000, 0x00000000e1900000, 0x00000000e1900000|100%| O|  |TAMS 0x00000000e1800000, 0x00000000e1800000| Untracked 
|  25|0x00000000e1900000, 0x00000000e1a00000, 0x00000000e1a00000|100%| O|  |TAMS 0x00000000e1900000, 0x00000000e1900000| Untracked 
|  26|0x00000000e1a00000, 0x00000000e1b00000, 0x00000000e1b00000|100%| O|  |TAMS 0x00000000e1a00000, 0x00000000e1a00000| Untracked 
|  27|0x00000000e1b00000, 0x00000000e1c00000, 0x00000000e1c00000|100%| O|  |TAMS 0x00000000e1b00000, 0x00000000e1b00000| Untracked 
|  28|0x00000000e1c00000, 0x00000000e1d00000, 0x00000000e1d00000|100%| O|  |TAMS 0x00000000e1c00000, 0x00000000e1c00000| Untracked 
|  29|0x00000000e1d00000, 0x00000000e1e00000, 0x00000000e1e00000|100%| O|  |TAMS 0x00000000e1d00000, 0x00000000e1d00000| Untracked 
|  30|0x00000000e1e00000, 0x00000000e1f00000, 0x00000000e1f00000|100%| O|  |TAMS 0x00000000e1e00000, 0x00000000e1e00000| Untracked 
|  31|0x00000000e1f00000, 0x00000000e2000000, 0x00000000e2000000|100%| O|  |TAMS 0x00000000e1f00000, 0x00000000e1f00000| Untracked 
|  32|0x00000000e2000000, 0x00000000e2100000, 0x00000000e2100000|100%| O|  |TAMS 0x00000000e2000000, 0x00000000e2000000| Untracked 
|  33|0x00000000e2100000, 0x00000000e2200000, 0x00000000e2200000|100%| O|  |TAMS 0x00000000e2100000, 0x00000000e2100000| Untracked 
|  34|0x00000000e2200000, 0x00000000e2300000, 0x00000000e2300000|100%| O|  |TAMS 0x00000000e2200000, 0x00000000e2200000| Untracked 
|  35|0x00000000e2300000, 0x00000000e2400000, 0x00000000e2400000|100%| O|  |TAMS 0x00000000e2300000, 0x00000000e2300000| Untracked 
|  36|0x00000000e2400000, 0x00000000e2500000, 0x00000000e2500000|100%| O|  |TAMS 0x00000000e2400000, 0x00000000e2400000| Untracked 
|  37|0x00000000e2500000, 0x00000000e25b0e00, 0x00000000e2600000| 69%| O|  |TAMS 0x00000000e2500000, 0x00000000e2500000| Untracked 
|  38|0x00000000e2600000, 0x00000000e2700000, 0x00000000e2700000|100%|HS|  |TAMS 0x00000000e2600000, 0x00000000e2600000| Complete 
|  39|0x00000000e2700000, 0x00000000e2700000, 0x00000000e2800000|  0%| F|  |TAMS 0x00000000e2700000, 0x00000000e2700000| Untracked 
|  40|0x00000000e2800000, 0x00000000e2800000, 0x00000000e2900000|  0%| F|  |TAMS 0x00000000e2800000, 0x00000000e2800000| Untracked 
|  41|0x00000000e2900000, 0x00000000e2900000, 0x00000000e2a00000|  0%| F|  |TAMS 0x00000000e2900000, 0x00000000e2900000| Untracked 
|  42|0x00000000e2a00000, 0x00000000e2a00000, 0x00000000e2b00000|  0%| F|  |TAMS 0x00000000e2a00000, 0x00000000e2a00000| Untracked 
|  43|0x00000000e2b00000, 0x00000000e2b00000, 0x00000000e2c00000|  0%| F|  |TAMS 0x00000000e2b00000, 0x00000000e2b00000| Untracked 
|  44|0x00000000e2c00000, 0x00000000e2c00000, 0x00000000e2d00000|  0%| F|  |TAMS 0x00000000e2c00000, 0x00000000e2c00000| Untracked 
|  45|0x00000000e2d00000, 0x00000000e2d00000, 0x00000000e2e00000|  0%| F|  |TAMS 0x00000000e2d00000, 0x00000000e2d00000| Untracked 
|  46|0x00000000e2e00000, 0x00000000e2e00000, 0x00000000e2f00000|  0%| F|  |TAMS 0x00000000e2e00000, 0x00000000e2e00000| Untracked 
|  47|0x00000000e2f00000, 0x00000000e2f00000, 0x00000000e3000000|  0%| F|  |TAMS 0x00000000e2f00000, 0x00000000e2f00000| Untracked 
|  48|0x00000000e3000000, 0x00000000e3000000, 0x00000000e3100000|  0%| F|  |TAMS 0x00000000e3000000, 0x00000000e3000000| Untracked 
|  49|0x00000000e3100000, 0x00000000e3100000, 0x00000000e3200000|  0%| F|  |TAMS 0x00000000e3100000, 0x00000000e3100000| Untracked 
|  50|0x00000000e3200000, 0x00000000e3200000, 0x00000000e3300000|  0%| F|  |TAMS 0x00000000e3200000, 0x00000000e3200000| Untracked 
|  51|0x00000000e3300000, 0x00000000e3300000, 0x00000000e3400000|  0%| F|  |TAMS 0x00000000e3300000, 0x00000000e3300000| Untracked 
|  52|0x00000000e3400000, 0x00000000e3400000, 0x00000000e3500000|  0%| F|  |TAMS 0x00000000e3400000, 0x00000000e3400000| Untracked 
|  53|0x00000000e3500000, 0x00000000e3500000, 0x00000000e3600000|  0%| F|  |TAMS 0x00000000e3500000, 0x00000000e3500000| Untracked 
|  54|0x00000000e3600000, 0x00000000e3600000, 0x00000000e3700000|  0%| F|  |TAMS 0x00000000e3600000, 0x00000000e3600000| Untracked 
|  55|0x00000000e3700000, 0x00000000e3700000, 0x00000000e3800000|  0%| F|  |TAMS 0x00000000e3700000, 0x00000000e3700000| Untracked 
|  56|0x00000000e3800000, 0x00000000e3800000, 0x00000000e3900000|  0%| F|  |TAMS 0x00000000e3800000, 0x00000000e3800000| Untracked 
|  57|0x00000000e3900000, 0x00000000e3900000, 0x00000000e3a00000|  0%| F|  |TAMS 0x00000000e3900000, 0x00000000e3900000| Untracked 
|  58|0x00000000e3a00000, 0x00000000e3a00000, 0x00000000e3b00000|  0%| F|  |TAMS 0x00000000e3a00000, 0x00000000e3a00000| Untracked 
|  59|0x00000000e3b00000, 0x00000000e3b00000, 0x00000000e3c00000|  0%| F|  |TAMS 0x00000000e3b00000, 0x00000000e3b00000| Untracked 
|  60|0x00000000e3c00000, 0x00000000e3c00000, 0x00000000e3d00000|  0%| F|  |TAMS 0x00000000e3c00000, 0x00000000e3c00000| Untracked 
|  61|0x00000000e3d00000, 0x00000000e3d00000, 0x00000000e3e00000|  0%| F|  |TAMS 0x00000000e3d00000, 0x00000000e3d00000| Untracked 
|  62|0x00000000e3e00000, 0x00000000e3e00000, 0x00000000e3f00000|  0%| F|  |TAMS 0x00000000e3e00000, 0x00000000e3e00000| Untracked 
|  63|0x00000000e3f00000, 0x00000000e3f00000, 0x00000000e4000000|  0%| F|  |TAMS 0x00000000e3f00000, 0x00000000e3f00000| Untracked 
|  64|0x00000000e4000000, 0x00000000e4000000, 0x00000000e4100000|  0%| F|  |TAMS 0x00000000e4000000, 0x00000000e4000000| Untracked 
|  65|0x00000000e4100000, 0x00000000e4100000, 0x00000000e4200000|  0%| F|  |TAMS 0x00000000e4100000, 0x00000000e4100000| Untracked 
|  66|0x00000000e4200000, 0x00000000e4200000, 0x00000000e4300000|  0%| F|  |TAMS 0x00000000e4200000, 0x00000000e4200000| Untracked 
|  67|0x00000000e4300000, 0x00000000e4300000, 0x00000000e4400000|  0%| F|  |TAMS 0x00000000e4300000, 0x00000000e4300000| Untracked 
|  68|0x00000000e4400000, 0x00000000e4400000, 0x00000000e4500000|  0%| F|  |TAMS 0x00000000e4400000, 0x00000000e4400000| Untracked 
|  69|0x00000000e4500000, 0x00000000e4500000, 0x00000000e4600000|  0%| F|  |TAMS 0x00000000e4500000, 0x00000000e4500000| Untracked 
|  70|0x00000000e4600000, 0x00000000e4600000, 0x00000000e4700000|  0%| F|  |TAMS 0x00000000e4600000, 0x00000000e4600000| Untracked 
|  71|0x00000000e4700000, 0x00000000e4700000, 0x00000000e4800000|  0%| F|  |TAMS 0x00000000e4700000, 0x00000000e4700000| Untracked 
|  72|0x00000000e4800000, 0x00000000e4800000, 0x00000000e4900000|  0%| F|  |TAMS 0x00000000e4800000, 0x00000000e4800000| Untracked 
|  73|0x00000000e4900000, 0x00000000e4900000, 0x00000000e4a00000|  0%| F|  |TAMS 0x00000000e4900000, 0x00000000e4900000| Untracked 
|  74|0x00000000e4a00000, 0x00000000e4a00000, 0x00000000e4b00000|  0%| F|  |TAMS 0x00000000e4a00000, 0x00000000e4a00000| Untracked 
|  75|0x00000000e4b00000, 0x00000000e4b00000, 0x00000000e4c00000|  0%| F|  |TAMS 0x00000000e4b00000, 0x00000000e4b00000| Untracked 
|  76|0x00000000e4c00000, 0x00000000e4c00000, 0x00000000e4d00000|  0%| F|  |TAMS 0x00000000e4c00000, 0x00000000e4c00000| Untracked 
|  77|0x00000000e4d00000, 0x00000000e4d00000, 0x00000000e4e00000|  0%| F|  |TAMS 0x00000000e4d00000, 0x00000000e4d00000| Untracked 
|  78|0x00000000e4e00000, 0x00000000e4e00000, 0x00000000e4f00000|  0%| F|  |TAMS 0x00000000e4e00000, 0x00000000e4e00000| Untracked 
|  79|0x00000000e4f00000, 0x00000000e4f00000, 0x00000000e5000000|  0%| F|  |TAMS 0x00000000e4f00000, 0x00000000e4f00000| Untracked 
|  80|0x00000000e5000000, 0x00000000e5000000, 0x00000000e5100000|  0%| F|  |TAMS 0x00000000e5000000, 0x00000000e5000000| Untracked 
|  81|0x00000000e5100000, 0x00000000e5100000, 0x00000000e5200000|  0%| F|  |TAMS 0x00000000e5100000, 0x00000000e5100000| Untracked 
|  82|0x00000000e5200000, 0x00000000e5200000, 0x00000000e5300000|  0%| F|  |TAMS 0x00000000e5200000, 0x00000000e5200000| Untracked 
|  83|0x00000000e5300000, 0x00000000e5300000, 0x00000000e5400000|  0%| F|  |TAMS 0x00000000e5300000, 0x00000000e5300000| Untracked 
|  84|0x00000000e5400000, 0x00000000e5400000, 0x00000000e5500000|  0%| F|  |TAMS 0x00000000e5400000, 0x00000000e5400000| Untracked 
|  85|0x00000000e5500000, 0x00000000e5500000, 0x00000000e5600000|  0%| F|  |TAMS 0x00000000e5500000, 0x00000000e5500000| Untracked 
|  86|0x00000000e5600000, 0x00000000e56359f0, 0x00000000e5700000| 20%| S|CS|TAMS 0x00000000e5600000, 0x00000000e5600000| Complete 
|  87|0x00000000e5700000, 0x00000000e5800000, 0x00000000e5800000|100%| S|CS|TAMS 0x00000000e5700000, 0x00000000e5700000| Complete 
|  88|0x00000000e5800000, 0x00000000e5900000, 0x00000000e5900000|100%| S|CS|TAMS 0x00000000e5800000, 0x00000000e5800000| Complete 
|  89|0x00000000e5900000, 0x00000000e5a00000, 0x00000000e5a00000|100%| S|CS|TAMS 0x00000000e5900000, 0x00000000e5900000| Complete 
|  90|0x00000000e5a00000, 0x00000000e5b00000, 0x00000000e5b00000|100%| S|CS|TAMS 0x00000000e5a00000, 0x00000000e5a00000| Complete 
|  91|0x00000000e5b00000, 0x00000000e5c00000, 0x00000000e5c00000|100%| S|CS|TAMS 0x00000000e5b00000, 0x00000000e5b00000| Complete 
|  92|0x00000000e5c00000, 0x00000000e5c00000, 0x00000000e5d00000|  0%| F|  |TAMS 0x00000000e5c00000, 0x00000000e5c00000| Untracked 
|  93|0x00000000e5d00000, 0x00000000e5d00000, 0x00000000e5e00000|  0%| F|  |TAMS 0x00000000e5d00000, 0x00000000e5d00000| Untracked 
|  94|0x00000000e5e00000, 0x00000000e5e00000, 0x00000000e5f00000|  0%| F|  |TAMS 0x00000000e5e00000, 0x00000000e5e00000| Untracked 
|  95|0x00000000e5f00000, 0x00000000e5f00000, 0x00000000e6000000|  0%| F|  |TAMS 0x00000000e5f00000, 0x00000000e5f00000| Untracked 
|  96|0x00000000e6000000, 0x00000000e6000000, 0x00000000e6100000|  0%| F|  |TAMS 0x00000000e6000000, 0x00000000e6000000| Untracked 
|  97|0x00000000e6100000, 0x00000000e6100000, 0x00000000e6200000|  0%| F|  |TAMS 0x00000000e6100000, 0x00000000e6100000| Untracked 
|  98|0x00000000e6200000, 0x00000000e6200000, 0x00000000e6300000|  0%| F|  |TAMS 0x00000000e6200000, 0x00000000e6200000| Untracked 
|  99|0x00000000e6300000, 0x00000000e6300000, 0x00000000e6400000|  0%| F|  |TAMS 0x00000000e6300000, 0x00000000e6300000| Untracked 
| 100|0x00000000e6400000, 0x00000000e6400000, 0x00000000e6500000|  0%| F|  |TAMS 0x00000000e6400000, 0x00000000e6400000| Untracked 
| 101|0x00000000e6500000, 0x00000000e6500000, 0x00000000e6600000|  0%| F|  |TAMS 0x00000000e6500000, 0x00000000e6500000| Untracked 
| 102|0x00000000e6600000, 0x00000000e6600000, 0x00000000e6700000|  0%| F|  |TAMS 0x00000000e6600000, 0x00000000e6600000| Untracked 
| 103|0x00000000e6700000, 0x00000000e6700000, 0x00000000e6800000|  0%| F|  |TAMS 0x00000000e6700000, 0x00000000e6700000| Untracked 
| 104|0x00000000e6800000, 0x00000000e6800000, 0x00000000e6900000|  0%| F|  |TAMS 0x00000000e6800000, 0x00000000e6800000| Untracked 
| 105|0x00000000e6900000, 0x00000000e6900000, 0x00000000e6a00000|  0%| F|  |TAMS 0x00000000e6900000, 0x00000000e6900000| Untracked 
| 106|0x00000000e6a00000, 0x00000000e6b00000, 0x00000000e6b00000|100%| S|CS|TAMS 0x00000000e6a00000, 0x00000000e6a00000| Complete 
| 107|0x00000000e6b00000, 0x00000000e6c00000, 0x00000000e6c00000|100%| S|CS|TAMS 0x00000000e6b00000, 0x00000000e6b00000| Complete 
| 108|0x00000000e6c00000, 0x00000000e6d00000, 0x00000000e6d00000|100%| S|CS|TAMS 0x00000000e6c00000, 0x00000000e6c00000| Complete 
| 109|0x00000000e6d00000, 0x00000000e6e00000, 0x00000000e6e00000|100%| S|CS|TAMS 0x00000000e6d00000, 0x00000000e6d00000| Complete 
| 110|0x00000000e6e00000, 0x00000000e6f00000, 0x00000000e6f00000|100%| S|CS|TAMS 0x00000000e6e00000, 0x00000000e6e00000| Complete 
| 111|0x00000000e6f00000, 0x00000000e7000000, 0x00000000e7000000|100%| S|CS|TAMS 0x00000000e6f00000, 0x00000000e6f00000| Complete 
| 112|0x00000000e7000000, 0x00000000e7100000, 0x00000000e7100000|100%| S|CS|TAMS 0x00000000e7000000, 0x00000000e7000000| Complete 
| 113|0x00000000e7100000, 0x00000000e7200000, 0x00000000e7200000|100%| S|CS|TAMS 0x00000000e7100000, 0x00000000e7100000| Complete 
| 114|0x00000000e7200000, 0x00000000e7300000, 0x00000000e7300000|100%| S|CS|TAMS 0x00000000e7200000, 0x00000000e7200000| Complete 
| 115|0x00000000e7300000, 0x00000000e7400000, 0x00000000e7400000|100%| S|CS|TAMS 0x00000000e7300000, 0x00000000e7300000| Complete 
| 116|0x00000000e7400000, 0x00000000e7500000, 0x00000000e7500000|100%| S|CS|TAMS 0x00000000e7400000, 0x00000000e7400000| Complete 
| 117|0x00000000e7500000, 0x00000000e7500000, 0x00000000e7600000|  0%| F|  |TAMS 0x00000000e7500000, 0x00000000e7500000| Untracked 
| 118|0x00000000e7600000, 0x00000000e7600000, 0x00000000e7700000|  0%| F|  |TAMS 0x00000000e7600000, 0x00000000e7600000| Untracked 
| 119|0x00000000e7700000, 0x00000000e7700000, 0x00000000e7800000|  0%| F|  |TAMS 0x00000000e7700000, 0x00000000e7700000| Untracked 
| 120|0x00000000e7800000, 0x00000000e7800000, 0x00000000e7900000|  0%| F|  |TAMS 0x00000000e7800000, 0x00000000e7800000| Untracked 
| 121|0x00000000e7900000, 0x00000000e7900000, 0x00000000e7a00000|  0%| F|  |TAMS 0x00000000e7900000, 0x00000000e7900000| Untracked 
| 122|0x00000000e7a00000, 0x00000000e7a00000, 0x00000000e7b00000|  0%| F|  |TAMS 0x00000000e7a00000, 0x00000000e7a00000| Untracked 
| 123|0x00000000e7b00000, 0x00000000e7b00000, 0x00000000e7c00000|  0%| F|  |TAMS 0x00000000e7b00000, 0x00000000e7b00000| Untracked 
| 124|0x00000000e7c00000, 0x00000000e7c00000, 0x00000000e7d00000|  0%| F|  |TAMS 0x00000000e7c00000, 0x00000000e7c00000| Untracked 
| 125|0x00000000e7d00000, 0x00000000e7d00000, 0x00000000e7e00000|  0%| F|  |TAMS 0x00000000e7d00000, 0x00000000e7d00000| Untracked 
| 126|0x00000000e7e00000, 0x00000000e7e00000, 0x00000000e7f00000|  0%| F|  |TAMS 0x00000000e7e00000, 0x00000000e7e00000| Untracked 
| 127|0x00000000e7f00000, 0x00000000e7f00000, 0x00000000e8000000|  0%| F|  |TAMS 0x00000000e7f00000, 0x00000000e7f00000| Untracked 
| 128|0x00000000e8000000, 0x00000000e8000000, 0x00000000e8100000|  0%| F|  |TAMS 0x00000000e8000000, 0x00000000e8000000| Untracked 
| 129|0x00000000e8100000, 0x00000000e8100000, 0x00000000e8200000|  0%| F|  |TAMS 0x00000000e8100000, 0x00000000e8100000| Untracked 
| 130|0x00000000e8200000, 0x00000000e8200000, 0x00000000e8300000|  0%| F|  |TAMS 0x00000000e8200000, 0x00000000e8200000| Untracked 
| 131|0x00000000e8300000, 0x00000000e8300000, 0x00000000e8400000|  0%| F|  |TAMS 0x00000000e8300000, 0x00000000e8300000| Untracked 
| 132|0x00000000e8400000, 0x00000000e8400000, 0x00000000e8500000|  0%| F|  |TAMS 0x00000000e8400000, 0x00000000e8400000| Untracked 
| 133|0x00000000e8500000, 0x00000000e8500000, 0x00000000e8600000|  0%| F|  |TAMS 0x00000000e8500000, 0x00000000e8500000| Untracked 
| 134|0x00000000e8600000, 0x00000000e8600000, 0x00000000e8700000|  0%| F|  |TAMS 0x00000000e8600000, 0x00000000e8600000| Untracked 
| 135|0x00000000e8700000, 0x00000000e8700000, 0x00000000e8800000|  0%| F|  |TAMS 0x00000000e8700000, 0x00000000e8700000| Untracked 
| 136|0x00000000e8800000, 0x00000000e8800000, 0x00000000e8900000|  0%| F|  |TAMS 0x00000000e8800000, 0x00000000e8800000| Untracked 
| 137|0x00000000e8900000, 0x00000000e8900000, 0x00000000e8a00000|  0%| F|  |TAMS 0x00000000e8900000, 0x00000000e8900000| Untracked 
| 138|0x00000000e8a00000, 0x00000000e8a00000, 0x00000000e8b00000|  0%| F|  |TAMS 0x00000000e8a00000, 0x00000000e8a00000| Untracked 
| 139|0x00000000e8b00000, 0x00000000e8b00000, 0x00000000e8c00000|  0%| F|  |TAMS 0x00000000e8b00000, 0x00000000e8b00000| Untracked 
| 140|0x00000000e8c00000, 0x00000000e8c00000, 0x00000000e8d00000|  0%| F|  |TAMS 0x00000000e8c00000, 0x00000000e8c00000| Untracked 
| 141|0x00000000e8d00000, 0x00000000e8d00000, 0x00000000e8e00000|  0%| F|  |TAMS 0x00000000e8d00000, 0x00000000e8d00000| Untracked 
| 142|0x00000000e8e00000, 0x00000000e8e00000, 0x00000000e8f00000|  0%| F|  |TAMS 0x00000000e8e00000, 0x00000000e8e00000| Untracked 
| 143|0x00000000e8f00000, 0x00000000e8f00000, 0x00000000e9000000|  0%| F|  |TAMS 0x00000000e8f00000, 0x00000000e8f00000| Untracked 
| 144|0x00000000e9000000, 0x00000000e9000000, 0x00000000e9100000|  0%| F|  |TAMS 0x00000000e9000000, 0x00000000e9000000| Untracked 
| 145|0x00000000e9100000, 0x00000000e9100000, 0x00000000e9200000|  0%| F|  |TAMS 0x00000000e9100000, 0x00000000e9100000| Untracked 
| 146|0x00000000e9200000, 0x00000000e9200000, 0x00000000e9300000|  0%| F|  |TAMS 0x00000000e9200000, 0x00000000e9200000| Untracked 
| 147|0x00000000e9300000, 0x00000000e9300000, 0x00000000e9400000|  0%| F|  |TAMS 0x00000000e9300000, 0x00000000e9300000| Untracked 
| 148|0x00000000e9400000, 0x00000000e9400000, 0x00000000e9500000|  0%| F|  |TAMS 0x00000000e9400000, 0x00000000e9400000| Untracked 
| 149|0x00000000e9500000, 0x00000000e9500000, 0x00000000e9600000|  0%| F|  |TAMS 0x00000000e9500000, 0x00000000e9500000| Untracked 
| 150|0x00000000e9600000, 0x00000000e9600000, 0x00000000e9700000|  0%| F|  |TAMS 0x00000000e9600000, 0x00000000e9600000| Untracked 
| 151|0x00000000e9700000, 0x00000000e9700000, 0x00000000e9800000|  0%| F|  |TAMS 0x00000000e9700000, 0x00000000e9700000| Untracked 
| 152|0x00000000e9800000, 0x00000000e9800000, 0x00000000e9900000|  0%| F|  |TAMS 0x00000000e9800000, 0x00000000e9800000| Untracked 
| 153|0x00000000e9900000, 0x00000000e9900000, 0x00000000e9a00000|  0%| F|  |TAMS 0x00000000e9900000, 0x00000000e9900000| Untracked 
| 154|0x00000000e9a00000, 0x00000000e9a00000, 0x00000000e9b00000|  0%| F|  |TAMS 0x00000000e9a00000, 0x00000000e9a00000| Untracked 
| 155|0x00000000e9b00000, 0x00000000e9b00000, 0x00000000e9c00000|  0%| F|  |TAMS 0x00000000e9b00000, 0x00000000e9b00000| Untracked 
| 156|0x00000000e9c00000, 0x00000000e9c00000, 0x00000000e9d00000|  0%| F|  |TAMS 0x00000000e9c00000, 0x00000000e9c00000| Untracked 
| 157|0x00000000e9d00000, 0x00000000e9d00000, 0x00000000e9e00000|  0%| F|  |TAMS 0x00000000e9d00000, 0x00000000e9d00000| Untracked 
| 158|0x00000000e9e00000, 0x00000000e9e00000, 0x00000000e9f00000|  0%| F|  |TAMS 0x00000000e9e00000, 0x00000000e9e00000| Untracked 
| 159|0x00000000e9f00000, 0x00000000e9f00000, 0x00000000ea000000|  0%| F|  |TAMS 0x00000000e9f00000, 0x00000000e9f00000| Untracked 
| 160|0x00000000ea000000, 0x00000000ea100000, 0x00000000ea100000|100%| E|  |TAMS 0x00000000ea000000, 0x00000000ea000000| Complete 
| 161|0x00000000ea100000, 0x00000000ea200000, 0x00000000ea200000|100%| E|CS|TAMS 0x00000000ea100000, 0x00000000ea100000| Complete 
| 162|0x00000000ea200000, 0x00000000ea300000, 0x00000000ea300000|100%| E|CS|TAMS 0x00000000ea200000, 0x00000000ea200000| Complete 
| 163|0x00000000ea300000, 0x00000000ea400000, 0x00000000ea400000|100%| E|CS|TAMS 0x00000000ea300000, 0x00000000ea300000| Complete 
| 164|0x00000000ea400000, 0x00000000ea500000, 0x00000000ea500000|100%| E|CS|TAMS 0x00000000ea400000, 0x00000000ea400000| Complete 
| 165|0x00000000ea500000, 0x00000000ea600000, 0x00000000ea600000|100%| E|CS|TAMS 0x00000000ea500000, 0x00000000ea500000| Complete 
| 166|0x00000000ea600000, 0x00000000ea700000, 0x00000000ea700000|100%| E|CS|TAMS 0x00000000ea600000, 0x00000000ea600000| Complete 
| 167|0x00000000ea700000, 0x00000000ea800000, 0x00000000ea800000|100%| E|CS|TAMS 0x00000000ea700000, 0x00000000ea700000| Complete 
| 168|0x00000000ea800000, 0x00000000ea900000, 0x00000000ea900000|100%| E|CS|TAMS 0x00000000ea800000, 0x00000000ea800000| Complete 
| 169|0x00000000ea900000, 0x00000000eaa00000, 0x00000000eaa00000|100%| E|CS|TAMS 0x00000000ea900000, 0x00000000ea900000| Complete 
| 170|0x00000000eaa00000, 0x00000000eab00000, 0x00000000eab00000|100%| E|CS|TAMS 0x00000000eaa00000, 0x00000000eaa00000| Complete 
| 171|0x00000000eab00000, 0x00000000eac00000, 0x00000000eac00000|100%| E|CS|TAMS 0x00000000eab00000, 0x00000000eab00000| Complete 
| 172|0x00000000eac00000, 0x00000000ead00000, 0x00000000ead00000|100%| E|CS|TAMS 0x00000000eac00000, 0x00000000eac00000| Complete 
| 173|0x00000000ead00000, 0x00000000eae00000, 0x00000000eae00000|100%| E|CS|TAMS 0x00000000ead00000, 0x00000000ead00000| Complete 
| 174|0x00000000eae00000, 0x00000000eaf00000, 0x00000000eaf00000|100%| E|CS|TAMS 0x00000000eae00000, 0x00000000eae00000| Complete 
| 175|0x00000000eaf00000, 0x00000000eb000000, 0x00000000eb000000|100%| E|CS|TAMS 0x00000000eaf00000, 0x00000000eaf00000| Complete 
| 176|0x00000000eb000000, 0x00000000eb100000, 0x00000000eb100000|100%| E|CS|TAMS 0x00000000eb000000, 0x00000000eb000000| Complete 
| 177|0x00000000eb100000, 0x00000000eb200000, 0x00000000eb200000|100%| E|CS|TAMS 0x00000000eb100000, 0x00000000eb100000| Complete 
| 178|0x00000000eb200000, 0x00000000eb300000, 0x00000000eb300000|100%| E|CS|TAMS 0x00000000eb200000, 0x00000000eb200000| Complete 
| 179|0x00000000eb300000, 0x00000000eb400000, 0x00000000eb400000|100%| E|CS|TAMS 0x00000000eb300000, 0x00000000eb300000| Complete 
| 180|0x00000000eb400000, 0x00000000eb500000, 0x00000000eb500000|100%| E|CS|TAMS 0x00000000eb400000, 0x00000000eb400000| Complete 
| 181|0x00000000eb500000, 0x00000000eb600000, 0x00000000eb600000|100%| E|CS|TAMS 0x00000000eb500000, 0x00000000eb500000| Complete 
| 182|0x00000000eb600000, 0x00000000eb700000, 0x00000000eb700000|100%| E|  |TAMS 0x00000000eb600000, 0x00000000eb600000| Complete 
| 183|0x00000000eb700000, 0x00000000eb800000, 0x00000000eb800000|100%| E|CS|TAMS 0x00000000eb700000, 0x00000000eb700000| Complete 
| 184|0x00000000eb800000, 0x00000000eb900000, 0x00000000eb900000|100%| E|CS|TAMS 0x00000000eb800000, 0x00000000eb800000| Complete 
| 185|0x00000000eb900000, 0x00000000eba00000, 0x00000000eba00000|100%| E|CS|TAMS 0x00000000eb900000, 0x00000000eb900000| Complete 
| 186|0x00000000eba00000, 0x00000000ebb00000, 0x00000000ebb00000|100%| E|CS|TAMS 0x00000000eba00000, 0x00000000eba00000| Complete 
| 187|0x00000000ebb00000, 0x00000000ebc00000, 0x00000000ebc00000|100%| E|CS|TAMS 0x00000000ebb00000, 0x00000000ebb00000| Complete 
| 188|0x00000000ebc00000, 0x00000000ebd00000, 0x00000000ebd00000|100%| E|CS|TAMS 0x00000000ebc00000, 0x00000000ebc00000| Complete 
| 189|0x00000000ebd00000, 0x00000000ebe00000, 0x00000000ebe00000|100%| E|CS|TAMS 0x00000000ebd00000, 0x00000000ebd00000| Complete 
| 190|0x00000000ebe00000, 0x00000000ebf00000, 0x00000000ebf00000|100%| E|CS|TAMS 0x00000000ebe00000, 0x00000000ebe00000| Complete 
| 191|0x00000000ebf00000, 0x00000000ec000000, 0x00000000ec000000|100%| E|CS|TAMS 0x00000000ebf00000, 0x00000000ebf00000| Complete 
| 192|0x00000000ec000000, 0x00000000ec100000, 0x00000000ec100000|100%| E|CS|TAMS 0x00000000ec000000, 0x00000000ec000000| Complete 
| 193|0x00000000ec100000, 0x00000000ec200000, 0x00000000ec200000|100%| E|CS|TAMS 0x00000000ec100000, 0x00000000ec100000| Complete 
| 194|0x00000000ec200000, 0x00000000ec300000, 0x00000000ec300000|100%| E|CS|TAMS 0x00000000ec200000, 0x00000000ec200000| Complete 
| 195|0x00000000ec300000, 0x00000000ec400000, 0x00000000ec400000|100%| E|CS|TAMS 0x00000000ec300000, 0x00000000ec300000| Complete 
| 196|0x00000000ec400000, 0x00000000ec500000, 0x00000000ec500000|100%| E|CS|TAMS 0x00000000ec400000, 0x00000000ec400000| Complete 
| 197|0x00000000ec500000, 0x00000000ec600000, 0x00000000ec600000|100%| E|CS|TAMS 0x00000000ec500000, 0x00000000ec500000| Complete 
| 198|0x00000000ec600000, 0x00000000ec700000, 0x00000000ec700000|100%| E|CS|TAMS 0x00000000ec600000, 0x00000000ec600000| Complete 
| 199|0x00000000ec700000, 0x00000000ec800000, 0x00000000ec800000|100%| E|CS|TAMS 0x00000000ec700000, 0x00000000ec700000| Complete 
| 200|0x00000000ec800000, 0x00000000ec900000, 0x00000000ec900000|100%| E|CS|TAMS 0x00000000ec800000, 0x00000000ec800000| Complete 
| 201|0x00000000ec900000, 0x00000000eca00000, 0x00000000eca00000|100%| E|CS|TAMS 0x00000000ec900000, 0x00000000ec900000| Complete 
| 202|0x00000000eca00000, 0x00000000ecb00000, 0x00000000ecb00000|100%| E|CS|TAMS 0x00000000eca00000, 0x00000000eca00000| Complete 
| 203|0x00000000ecb00000, 0x00000000ecc00000, 0x00000000ecc00000|100%| E|CS|TAMS 0x00000000ecb00000, 0x00000000ecb00000| Complete 
| 204|0x00000000ecc00000, 0x00000000ecd00000, 0x00000000ecd00000|100%| E|CS|TAMS 0x00000000ecc00000, 0x00000000ecc00000| Complete 
| 205|0x00000000ecd00000, 0x00000000ece00000, 0x00000000ece00000|100%| E|CS|TAMS 0x00000000ecd00000, 0x00000000ecd00000| Complete 
| 206|0x00000000ece00000, 0x00000000ecf00000, 0x00000000ecf00000|100%| E|CS|TAMS 0x00000000ece00000, 0x00000000ece00000| Complete 
| 207|0x00000000ecf00000, 0x00000000ed000000, 0x00000000ed000000|100%| E|CS|TAMS 0x00000000ecf00000, 0x00000000ecf00000| Complete 
| 208|0x00000000ed000000, 0x00000000ed100000, 0x00000000ed100000|100%| E|CS|TAMS 0x00000000ed000000, 0x00000000ed000000| Complete 
| 209|0x00000000ed100000, 0x00000000ed200000, 0x00000000ed200000|100%| E|CS|TAMS 0x00000000ed100000, 0x00000000ed100000| Complete 
| 210|0x00000000ed200000, 0x00000000ed300000, 0x00000000ed300000|100%| E|CS|TAMS 0x00000000ed200000, 0x00000000ed200000| Complete 
| 211|0x00000000ed300000, 0x00000000ed400000, 0x00000000ed400000|100%| E|CS|TAMS 0x00000000ed300000, 0x00000000ed300000| Complete 
| 212|0x00000000ed400000, 0x00000000ed500000, 0x00000000ed500000|100%| E|CS|TAMS 0x00000000ed400000, 0x00000000ed400000| Complete 
| 213|0x00000000ed500000, 0x00000000ed600000, 0x00000000ed600000|100%| E|CS|TAMS 0x00000000ed500000, 0x00000000ed500000| Complete 
| 214|0x00000000ed600000, 0x00000000ed700000, 0x00000000ed700000|100%| E|CS|TAMS 0x00000000ed600000, 0x00000000ed600000| Complete 
| 215|0x00000000ed700000, 0x00000000ed800000, 0x00000000ed800000|100%| E|CS|TAMS 0x00000000ed700000, 0x00000000ed700000| Complete 
| 216|0x00000000ed800000, 0x00000000ed900000, 0x00000000ed900000|100%| E|CS|TAMS 0x00000000ed800000, 0x00000000ed800000| Complete 
| 217|0x00000000ed900000, 0x00000000eda00000, 0x00000000eda00000|100%| E|CS|TAMS 0x00000000ed900000, 0x00000000ed900000| Complete 
| 218|0x00000000eda00000, 0x00000000edb00000, 0x00000000edb00000|100%| E|CS|TAMS 0x00000000eda00000, 0x00000000eda00000| Complete 
| 219|0x00000000edb00000, 0x00000000edc00000, 0x00000000edc00000|100%| E|CS|TAMS 0x00000000edb00000, 0x00000000edb00000| Complete 
| 220|0x00000000edc00000, 0x00000000edd00000, 0x00000000edd00000|100%| E|CS|TAMS 0x00000000edc00000, 0x00000000edc00000| Complete 
| 221|0x00000000edd00000, 0x00000000ede00000, 0x00000000ede00000|100%| E|CS|TAMS 0x00000000edd00000, 0x00000000edd00000| Complete 
| 222|0x00000000ede00000, 0x00000000edf00000, 0x00000000edf00000|100%| E|CS|TAMS 0x00000000ede00000, 0x00000000ede00000| Complete 
| 223|0x00000000edf00000, 0x00000000ee000000, 0x00000000ee000000|100%| E|CS|TAMS 0x00000000edf00000, 0x00000000edf00000| Complete 
| 224|0x00000000ee000000, 0x00000000ee100000, 0x00000000ee100000|100%| E|CS|TAMS 0x00000000ee000000, 0x00000000ee000000| Complete 
| 225|0x00000000ee100000, 0x00000000ee200000, 0x00000000ee200000|100%| E|CS|TAMS 0x00000000ee100000, 0x00000000ee100000| Complete 
| 226|0x00000000ee200000, 0x00000000ee300000, 0x00000000ee300000|100%| E|CS|TAMS 0x00000000ee200000, 0x00000000ee200000| Complete 
| 227|0x00000000ee300000, 0x00000000ee400000, 0x00000000ee400000|100%| E|CS|TAMS 0x00000000ee300000, 0x00000000ee300000| Complete 
| 228|0x00000000ee400000, 0x00000000ee500000, 0x00000000ee500000|100%| E|CS|TAMS 0x00000000ee400000, 0x00000000ee400000| Complete 
| 229|0x00000000ee500000, 0x00000000ee600000, 0x00000000ee600000|100%| E|CS|TAMS 0x00000000ee500000, 0x00000000ee500000| Complete 
| 230|0x00000000ee600000, 0x00000000ee700000, 0x00000000ee700000|100%| E|CS|TAMS 0x00000000ee600000, 0x00000000ee600000| Complete 
| 231|0x00000000ee700000, 0x00000000ee800000, 0x00000000ee800000|100%| E|CS|TAMS 0x00000000ee700000, 0x00000000ee700000| Complete 
| 232|0x00000000ee800000, 0x00000000ee900000, 0x00000000ee900000|100%| E|CS|TAMS 0x00000000ee800000, 0x00000000ee800000| Complete 
| 233|0x00000000ee900000, 0x00000000eea00000, 0x00000000eea00000|100%| E|CS|TAMS 0x00000000ee900000, 0x00000000ee900000| Complete 
| 234|0x00000000eea00000, 0x00000000eeb00000, 0x00000000eeb00000|100%| E|CS|TAMS 0x00000000eea00000, 0x00000000eea00000| Complete 
| 235|0x00000000eeb00000, 0x00000000eec00000, 0x00000000eec00000|100%| E|CS|TAMS 0x00000000eeb00000, 0x00000000eeb00000| Complete 
| 236|0x00000000eec00000, 0x00000000eed00000, 0x00000000eed00000|100%| E|CS|TAMS 0x00000000eec00000, 0x00000000eec00000| Complete 
| 237|0x00000000eed00000, 0x00000000eee00000, 0x00000000eee00000|100%| E|CS|TAMS 0x00000000eed00000, 0x00000000eed00000| Complete 
| 238|0x00000000eee00000, 0x00000000eef00000, 0x00000000eef00000|100%| E|CS|TAMS 0x00000000eee00000, 0x00000000eee00000| Complete 
| 239|0x00000000eef00000, 0x00000000ef000000, 0x00000000ef000000|100%| E|CS|TAMS 0x00000000eef00000, 0x00000000eef00000| Complete 
| 240|0x00000000ef000000, 0x00000000ef100000, 0x00000000ef100000|100%| E|CS|TAMS 0x00000000ef000000, 0x00000000ef000000| Complete 
| 241|0x00000000ef100000, 0x00000000ef200000, 0x00000000ef200000|100%| E|CS|TAMS 0x00000000ef100000, 0x00000000ef100000| Complete 
| 242|0x00000000ef200000, 0x00000000ef300000, 0x00000000ef300000|100%| E|CS|TAMS 0x00000000ef200000, 0x00000000ef200000| Complete 
| 243|0x00000000ef300000, 0x00000000ef400000, 0x00000000ef400000|100%| E|CS|TAMS 0x00000000ef300000, 0x00000000ef300000| Complete 
| 244|0x00000000ef400000, 0x00000000ef500000, 0x00000000ef500000|100%| E|CS|TAMS 0x00000000ef400000, 0x00000000ef400000| Complete 
| 245|0x00000000ef500000, 0x00000000ef600000, 0x00000000ef600000|100%| E|CS|TAMS 0x00000000ef500000, 0x00000000ef500000| Complete 
| 246|0x00000000ef600000, 0x00000000ef700000, 0x00000000ef700000|100%| E|CS|TAMS 0x00000000ef600000, 0x00000000ef600000| Complete 
| 247|0x00000000ef700000, 0x00000000ef800000, 0x00000000ef800000|100%| E|CS|TAMS 0x00000000ef700000, 0x00000000ef700000| Complete 
| 248|0x00000000ef800000, 0x00000000ef900000, 0x00000000ef900000|100%| E|CS|TAMS 0x00000000ef800000, 0x00000000ef800000| Complete 
| 249|0x00000000ef900000, 0x00000000efa00000, 0x00000000efa00000|100%| E|CS|TAMS 0x00000000ef900000, 0x00000000ef900000| Complete 
| 250|0x00000000efa00000, 0x00000000efb00000, 0x00000000efb00000|100%| E|CS|TAMS 0x00000000efa00000, 0x00000000efa00000| Complete 
| 251|0x00000000efb00000, 0x00000000efc00000, 0x00000000efc00000|100%| E|CS|TAMS 0x00000000efb00000, 0x00000000efb00000| Complete 
| 252|0x00000000efc00000, 0x00000000efd00000, 0x00000000efd00000|100%| E|CS|TAMS 0x00000000efc00000, 0x00000000efc00000| Complete 
| 253|0x00000000efd00000, 0x00000000efe00000, 0x00000000efe00000|100%| E|CS|TAMS 0x00000000efd00000, 0x00000000efd00000| Complete 
| 254|0x00000000efe00000, 0x00000000eff00000, 0x00000000eff00000|100%| E|CS|TAMS 0x00000000efe00000, 0x00000000efe00000| Complete 
| 255|0x00000000eff00000, 0x00000000f0000000, 0x00000000f0000000|100%| E|CS|TAMS 0x00000000eff00000, 0x00000000eff00000| Complete 

Card table byte_map: [0x000001b543960000,0x000001b543a60000] _byte_map_base: 0x000001b543260000

Marking Bits (Prev, Next): (CMBitMap*) 0x000001b530badef0, (CMBitMap*) 0x000001b530badeb0
 Prev Bits: [0x000001b544360000, 0x000001b544b60000)
 Next Bits: [0x000001b543b60000, 0x000001b544360000)

Polling page: 0x000001b52eb80000

Metaspace:

Usage:
  Non-class:     65.88 MB used.
      Class:     10.02 MB used.
       Both:     75.90 MB used.

Virtual space:
  Non-class space:      128.00 MB reserved,      66.25 MB ( 52%) committed,  2 nodes.
      Class space:      208.00 MB reserved,      10.25 MB (  5%) committed,  1 nodes.
             Both:      336.00 MB reserved,      76.50 MB ( 23%) committed. 

Chunk freelists:
   Non-Class:  12.86 MB
       Class:  5.58 MB
        Both:  18.44 MB

MaxMetaspaceSize: 256.00 MB
CompressedClassSpaceSize: 208.00 MB
Initial GC threshold: 21.00 MB
Current GC threshold: 98.38 MB
CDS: off
MetaspaceReclaimPolicy: balanced
 - commit_granule_bytes: 65536.
 - commit_granule_words: 8192.
 - virtual_space_node_default_size: 8388608.
 - enlarge_chunks_in_place: 1.
 - new_chunks_are_fully_committed: 0.
 - uncommit_free_chunks: 1.
 - use_allocation_guard: 0.
 - handle_deallocations: 1.


Internal statistics:

num_allocs_failed_limit: 9.
num_arena_births: 756.
num_arena_deaths: 0.
num_vsnodes_births: 3.
num_vsnodes_deaths: 0.
num_space_committed: 1224.
num_space_uncommitted: 0.
num_chunks_returned_to_freelist: 9.
num_chunks_taken_from_freelist: 3390.
num_chunk_merges: 3.
num_chunk_splits: 2138.
num_chunks_enlarged: 1362.
num_inconsistent_stats: 0.

CodeHeap 'non-profiled nmethods': size=120000Kb used=6090Kb max_used=6090Kb free=113909Kb
 bounds [0x000001b53bdd0000, 0x000001b53c3d0000, 0x000001b543300000]
CodeHeap 'profiled nmethods': size=120000Kb used=19776Kb max_used=19776Kb free=100223Kb
 bounds [0x000001b534300000, 0x000001b535660000, 0x000001b53b830000]
CodeHeap 'non-nmethods': size=5760Kb used=2383Kb max_used=2437Kb free=3376Kb
 bounds [0x000001b53b830000, 0x000001b53baa0000, 0x000001b53bdd0000]
 total_blobs=10831 nmethods=9917 adapters=826
 compilation: enabled
              stopped_count=0, restarted_count=0
 full_count=0

Compilation events (20 events):
Event: 128.701 Thread 0x000001b5479a8e70 nmethod 11433 0x000001b53c3c2210 code [0x000001b53c3c23a0, 0x000001b53c3c2478]
Event: 128.701 Thread 0x000001b5479a8e70 11436   !   3       java.util.zip.ZipFile$Source::release (50 bytes)
Event: 128.702 Thread 0x000001b5479a8e70 nmethod 11436 0x000001b535642d90 code [0x000001b535642f60, 0x000001b5356432d8]
Event: 128.702 Thread 0x000001b5479a8e70 11434       3       org.gradle.internal.metaobject.AbstractDynamicObject::<init> (5 bytes)
Event: 128.702 Thread 0x000001b5479a84b0 11437       4       org.gradle.internal.service.DefaultServiceRegistry::assertValidServiceType (51 bytes)
Event: 128.702 Thread 0x000001b5479a8e70 nmethod 11434 0x000001b535643490 code [0x000001b535643620, 0x000001b535643778]
Event: 128.702 Thread 0x000001b5479a8e70 11438       3       org.gradle.internal.snapshot.impl.AbstractValueProcessor::processValue (745 bytes)
Event: 128.702 Thread 0x000001b5479a84b0 nmethod 11437 0x000001b53c3c2510 code [0x000001b53c3c26a0, 0x000001b53c3c2798]
Event: 128.703 Thread 0x000001b5479a84b0 11442       4       org.gradle.internal.service.DefaultServiceRegistry$SingletonService::get (5 bytes)
Event: 128.703 Thread 0x000001b5479a8e70 nmethod 11438 0x000001b535643810 code [0x000001b5356441c0, 0x000001b53564aba8]
Event: 128.704 Thread 0x000001b5479a8e70 11439       3       com.google.common.base.CharMatcher$Or::matches (28 bytes)
Event: 128.704 Thread 0x000001b5479a8e70 nmethod 11439 0x000001b53564c010 code [0x000001b53564c1c0, 0x000001b53564c4f8]
Event: 128.704 Thread 0x000001b5479a8e70 11443       3       org.gradle.api.internal.collections.ListElementSource$1::isSatisfiedBy (9 bytes)
Event: 128.704 Thread 0x000001b5479a8e70 nmethod 11443 0x000001b53564c610 code [0x000001b53564c7c0, 0x000001b53564ca18]
Event: 128.704 Thread 0x000001b5479a8e70 11444       3       org.gradle.api.internal.collections.ListElementSource$RealizedElementListIterator::next (59 bytes)
Event: 128.704 Thread 0x000001b5479a8e70 nmethod 11444 0x000001b53564cb10 code [0x000001b53564cd00, 0x000001b53564d238]
Event: 128.704 Thread 0x000001b5479a8e70 11440       3       jdk.internal.reflect.ClassFileAssembler::opc_dup (11 bytes)
Event: 128.704 Thread 0x000001b5479a8e70 nmethod 11440 0x000001b53564d410 code [0x000001b53564d5e0, 0x000001b53564d8e8]
Event: 128.704 Thread 0x000001b5479a8e70 11441       1       jdk.internal.reflect.ByteVectorImpl::getData (5 bytes)
Event: 128.704 Thread 0x000001b5479a8e70 nmethod 11441 0x000001b53c3c2890 code [0x000001b53c3c2a20, 0x000001b53c3c2af8]

GC Heap History (16 events):
Event: 0.530 GC heap before
{Heap before GC invocations=0 (full 0):
 garbage-first heap   total 262144K, used 28672K [0x00000000e0000000, 0x0000000100000000)
  region size 1024K, 23 young (23552K), 0 survivors (0K)
 Metaspace       used 10269K, committed 10432K, reserved 278528K
  class space    used 1063K, committed 1152K, reserved 212992K
}
Event: 0.532 GC heap after
{Heap after GC invocations=1 (full 0):
 garbage-first heap   total 262144K, used 9416K [0x00000000e0000000, 0x0000000100000000)
  region size 1024K, 3 young (3072K), 3 survivors (3072K)
 Metaspace       used 10269K, committed 10432K, reserved 278528K
  class space    used 1063K, committed 1152K, reserved 212992K
}
Event: 0.749 GC heap before
{Heap before GC invocations=1 (full 0):
 garbage-first heap   total 262144K, used 39112K [0x00000000e0000000, 0x0000000100000000)
  region size 1024K, 32 young (32768K), 3 survivors (3072K)
 Metaspace       used 11232K, committed 11392K, reserved 278528K
  class space    used 1168K, committed 1280K, reserved 212992K
}
Event: 0.751 GC heap after
{Heap after GC invocations=2 (full 0):
 garbage-first heap   total 262144K, used 13501K [0x00000000e0000000, 0x0000000100000000)
  region size 1024K, 4 young (4096K), 4 survivors (4096K)
 Metaspace       used 11232K, committed 11392K, reserved 278528K
  class space    used 1168K, committed 1280K, reserved 212992K
}
Event: 1.644 GC heap before
{Heap before GC invocations=2 (full 0):
 garbage-first heap   total 262144K, used 51389K [0x00000000e0000000, 0x0000000100000000)
  region size 1024K, 42 young (43008K), 4 survivors (4096K)
 Metaspace       used 21244K, committed 21504K, reserved 278528K
  class space    used 2553K, committed 2688K, reserved 212992K
}
Event: 1.647 GC heap after
{Heap after GC invocations=3 (full 0):
 garbage-first heap   total 262144K, used 17657K [0x00000000e0000000, 0x0000000100000000)
  region size 1024K, 9 young (9216K), 9 survivors (9216K)
 Metaspace       used 21244K, committed 21504K, reserved 278528K
  class space    used 2553K, committed 2688K, reserved 212992K
}
Event: 3.354 GC heap before
{Heap before GC invocations=4 (full 0):
 garbage-first heap   total 262144K, used 105721K [0x00000000e0000000, 0x0000000100000000)
  region size 1024K, 97 young (99328K), 9 survivors (9216K)
 Metaspace       used 35802K, committed 36096K, reserved 278528K
  class space    used 4868K, committed 4992K, reserved 212992K
}
Event: 3.359 GC heap after
{Heap after GC invocations=5 (full 0):
 garbage-first heap   total 262144K, used 23509K [0x00000000e0000000, 0x0000000100000000)
  region size 1024K, 14 young (14336K), 14 survivors (14336K)
 Metaspace       used 35802K, committed 36096K, reserved 278528K
  class space    used 4868K, committed 4992K, reserved 212992K
}
Event: 8.948 GC heap before
{Heap before GC invocations=6 (full 0):
 garbage-first heap   total 262144K, used 169941K [0x00000000e0000000, 0x0000000100000000)
  region size 1024K, 153 young (156672K), 14 survivors (14336K)
 Metaspace       used 56617K, committed 57088K, reserved 278528K
  class space    used 7459K, committed 7680K, reserved 212992K
}
Event: 8.959 GC heap after
{Heap after GC invocations=7 (full 0):
 garbage-first heap   total 262144K, used 34815K [0x00000000e0000000, 0x0000000100000000)
  region size 1024K, 20 young (20480K), 20 survivors (20480K)
 Metaspace       used 56617K, committed 57088K, reserved 278528K
  class space    used 7459K, committed 7680K, reserved 212992K
}
Event: 12.112 GC heap before
{Heap before GC invocations=7 (full 0):
 garbage-first heap   total 262144K, used 76799K [0x00000000e0000000, 0x0000000100000000)
  region size 1024K, 62 young (63488K), 20 survivors (20480K)
 Metaspace       used 59862K, committed 60288K, reserved 278528K
  class space    used 7925K, committed 8128K, reserved 212992K
}
Event: 12.121 GC heap after
{Heap after GC invocations=8 (full 0):
 garbage-first heap   total 262144K, used 40681K [0x00000000e0000000, 0x0000000100000000)
  region size 1024K, 6 young (6144K), 6 survivors (6144K)
 Metaspace       used 59862K, committed 60288K, reserved 278528K
  class space    used 7925K, committed 8128K, reserved 212992K
}
Event: 44.049 GC heap before
{Heap before GC invocations=9 (full 0):
 garbage-first heap   total 262144K, used 187113K [0x00000000e0000000, 0x0000000100000000)
  region size 1024K, 150 young (153600K), 6 survivors (6144K)
 Metaspace       used 67572K, committed 68096K, reserved 278528K
  class space    used 9053K, committed 9280K, reserved 212992K
}
Event: 44.054 GC heap after
{Heap after GC invocations=10 (full 0):
 garbage-first heap   total 262144K, used 48929K [0x00000000e0000000, 0x0000000100000000)
  region size 1024K, 14 young (14336K), 14 survivors (14336K)
 Metaspace       used 67572K, committed 68096K, reserved 278528K
  class space    used 9053K, committed 9280K, reserved 212992K
}
Event: 97.258 GC heap before
{Heap before GC invocations=10 (full 0):
 garbage-first heap   total 262144K, used 191265K [0x00000000e0000000, 0x0000000100000000)
  region size 1024K, 153 young (156672K), 14 survivors (14336K)
 Metaspace       used 68953K, committed 69568K, reserved 278528K
  class space    used 9076K, committed 9344K, reserved 212992K
}
Event: 97.264 GC heap after
{Heap after GC invocations=11 (full 0):
 garbage-first heap   total 262144K, used 55193K [0x00000000e0000000, 0x0000000100000000)
  region size 1024K, 17 young (17408K), 17 survivors (17408K)
 Metaspace       used 68953K, committed 69568K, reserved 278528K
  class space    used 9076K, committed 9344K, reserved 212992K
}

Dll operation events (2 events):
Event: 0.008 Loaded shared library C:\Program Files\JetBrains\IntelliJ IDEA 2023.2.4\jbr\bin\java.dll
Event: 0.305 Loaded shared library C:\Program Files\JetBrains\IntelliJ IDEA 2023.2.4\jbr\bin\verify.dll

Deoptimization events (20 events):
Event: 117.302 Thread 0x000001b54cd83460 Uncommon trap: trap_request=0xffffff45 fr.pc=0x000001b53c329da8 relative=0x0000000000000088
Event: 117.302 Thread 0x000001b54cd83460 Uncommon trap: reason=unstable_if action=reinterpret pc=0x000001b53c329da8 method=org.gradle.internal.logging.slf4j.BuildOperationAwareLogger.debug(Ljava/lang/String;Ljava/lang/Object;)V @ 4 c2
Event: 117.302 Thread 0x000001b54cd83460 DEOPT PACKING pc=0x000001b53c329da8 sp=0x0000004a0f0fe460
Event: 117.302 Thread 0x000001b54cd83460 DEOPT UNPACKING pc=0x000001b53b8869a3 sp=0x0000004a0f0fe410 mode 2
Event: 117.303 Thread 0x000001b54cd83460 Uncommon trap: trap_request=0xffffff45 fr.pc=0x000001b53be463b0 relative=0x0000000000000090
Event: 117.303 Thread 0x000001b54cd83460 Uncommon trap: reason=unstable_if action=reinterpret pc=0x000001b53be463b0 method=org.gradle.internal.logging.slf4j.BuildOperationAwareLogger.debug(Ljava/lang/String;Ljava/lang/Object;Ljava/lang/Object;)V @ 4 c2
Event: 117.303 Thread 0x000001b54cd83460 DEOPT PACKING pc=0x000001b53be463b0 sp=0x0000004a0f0fdd70
Event: 117.303 Thread 0x000001b54cd83460 DEOPT UNPACKING pc=0x000001b53b8869a3 sp=0x0000004a0f0fdd00 mode 2
Event: 117.309 Thread 0x000001b54cd83460 Uncommon trap: trap_request=0xffffff45 fr.pc=0x000001b53c06f724 relative=0x0000000000000084
Event: 117.309 Thread 0x000001b54cd83460 Uncommon trap: reason=unstable_if action=reinterpret pc=0x000001b53c06f724 method=org.gradle.internal.logging.slf4j.BuildOperationAwareLogger.debug(Ljava/lang/String;Ljava/lang/Object;Ljava/lang/Object;)V @ 4 c2
Event: 117.309 Thread 0x000001b54cd83460 DEOPT PACKING pc=0x000001b53c06f724 sp=0x0000004a0f0fecd0
Event: 117.309 Thread 0x000001b54cd83460 DEOPT UNPACKING pc=0x000001b53b8869a3 sp=0x0000004a0f0fec08 mode 2
Event: 128.680 Thread 0x000001b54d36c680 Uncommon trap: trap_request=0xffffffc6 fr.pc=0x000001b53c09066c relative=0x000000000000078c
Event: 128.680 Thread 0x000001b54d36c680 Uncommon trap: reason=bimorphic_or_optimized_type_check action=maybe_recompile pc=0x000001b53c09066c method=java.util.stream.MatchOps$MatchOp.evaluateSequential(Ljava/util/stream/PipelineHelper;Ljava/util/Spliterator;)Ljava/lang/Boolean; @ 14 c2
Event: 128.680 Thread 0x000001b54d36c680 DEOPT PACKING pc=0x000001b53c09066c sp=0x0000004a0f3fb380
Event: 128.680 Thread 0x000001b54d36c680 DEOPT UNPACKING pc=0x000001b53b8869a3 sp=0x0000004a0f3fb2b8 mode 2
Event: 128.692 Thread 0x000001b54d36c680 Uncommon trap: trap_request=0xffffff45 fr.pc=0x000001b53c33b314 relative=0x0000000000000074
Event: 128.692 Thread 0x000001b54d36c680 Uncommon trap: reason=unstable_if action=reinterpret pc=0x000001b53c33b314 method=com.google.common.math.IntMath.log2(ILjava/math/RoundingMode;)I @ 15 c2
Event: 128.692 Thread 0x000001b54d36c680 DEOPT PACKING pc=0x000001b53c33b314 sp=0x0000004a0f3f8c20
Event: 128.692 Thread 0x000001b54d36c680 DEOPT UNPACKING pc=0x000001b53b8869a3 sp=0x0000004a0f3f8ba8 mode 2

Classes unloaded (0 events):
No events

Classes redefined (0 events):
No events

Internal exceptions (20 events):
Event: 116.834 Thread 0x000001b5500977e0 Exception <a 'java/lang/NoSuchMethodError'{0x00000000ed13f5f8}: 'java.lang.Object java.lang.invoke.DirectMethodHandle$Holder.invokeSpecial(java.lang.Object, java.lang.Object, int, java.lang.Object, java.lang.Object, java.lang.Object, java.lang.Object)'> (0x00000000ed13f5f8) 
thrown [s\src\hotspot\share\interpreter\linkResolver.cpp, line 771]
Event: 116.969 Thread 0x000001b5500977e0 Exception <a 'java/lang/NoSuchMethodError'{0x00000000ec429098}: 'void java.lang.invoke.DirectMethodHandle$Holder.invokeVirtual(java.lang.Object, java.lang.Object, java.lang.Object, java.lang.Object)'> (0x00000000ec429098) 
thrown [s\src\hotspot\share\interpreter\linkResolver.cpp, line 771]
Event: 116.979 Thread 0x000001b5500977e0 Implicit null exception at 0x000001b53c35675f to 0x000001b53c356fbc
Event: 117.166 Thread 0x000001b5500977e0 Exception <a 'sun/nio/fs/WindowsException'{0x00000000eaf20350}> (0x00000000eaf20350) 
thrown [s\src\hotspot\share\prims\jni.cpp, line 517]
Event: 117.166 Thread 0x000001b5500977e0 Exception <a 'sun/nio/fs/WindowsException'{0x00000000eaf20710}> (0x00000000eaf20710) 
thrown [s\src\hotspot\share\prims\jni.cpp, line 517]
Event: 117.173 Thread 0x000001b5500977e0 Exception <a 'java/lang/NoSuchMethodError'{0x00000000eafd25d0}: 'java.lang.Object java.lang.invoke.DirectMethodHandle$Holder.invokeVirtual(java.lang.Object, java.lang.Object, java.lang.Object, int, int)'> (0x00000000eafd25d0) 
thrown [s\src\hotspot\share\interpreter\linkResolver.cpp, line 771]
Event: 117.174 Thread 0x000001b5500977e0 Exception <a 'java/lang/NoSuchMethodError'{0x00000000eafd9ce8}: 'java.lang.Object java.lang.invoke.DirectMethodHandle$Holder.invokeVirtual(java.lang.Object, java.lang.Object, int)'> (0x00000000eafd9ce8) 
thrown [s\src\hotspot\share\interpreter\linkResolver.cpp, line 771]
Event: 117.193 Thread 0x000001b5500977e0 Exception <a 'java/lang/reflect/InvocationTargetException'{0x00000000eade2738}> (0x00000000eade2738) 
thrown [s\src\hotspot\share\runtime\reflection.cpp, line 1127]
Event: 117.213 Thread 0x000001b54d36dfd0 Exception <a 'java/lang/NoSuchMethodError'{0x00000000eaa010a0}: static Lorg/gradle/internal/build/event/types/DefaultTaskFinishedProgressEvent;.<clinit>()V> (0x00000000eaa010a0) 
thrown [s\src\hotspot\share\prims\jni.cpp, line 1108]
Event: 117.214 Thread 0x000001b54d36dfd0 Exception <a 'java/lang/NoSuchMethodError'{0x00000000eaa192d8}: static Lorg/gradle/internal/build/event/types/DefaultTaskFailureResult;.<clinit>()V> (0x00000000eaa192d8) 
thrown [s\src\hotspot\share\prims\jni.cpp, line 1108]
Event: 117.214 Thread 0x000001b54d36dfd0 Exception <a 'java/lang/NoSuchMethodError'{0x00000000eaa1a700}: static Lorg/gradle/internal/build/event/types/AbstractTaskResult;.<clinit>()V> (0x00000000eaa1a700) 
thrown [s\src\hotspot\share\prims\jni.cpp, line 1108]
Event: 117.215 Thread 0x000001b54d36dfd0 Exception <a 'java/lang/NoSuchMethodError'{0x00000000eaa1bc28}: static Lorg/gradle/internal/build/event/types/AbstractResult;.<clinit>()V> (0x00000000eaa1bc28) 
thrown [s\src\hotspot\share\prims\jni.cpp, line 1108]
Event: 117.216 Thread 0x000001b54d36dfd0 Exception <a 'java/lang/NoSuchMethodError'{0x00000000eaa39438}: static [Ljava/lang/Object;.<clinit>()V> (0x00000000eaa39438) 
thrown [s\src\hotspot\share\prims\jni.cpp, line 1108]
Event: 117.217 Thread 0x000001b54d36dfd0 Exception <a 'java/lang/NoSuchMethodError'{0x00000000eaa4b138}: static Lorg/gradle/internal/build/event/types/DefaultFailure;.<clinit>()V> (0x00000000eaa4b138) 
thrown [s\src\hotspot\share\prims\jni.cpp, line 1108]
Event: 117.306 Thread 0x000001b54cd83460 Exception <a 'java/lang/NoSuchMethodError'{0x00000000ea32b978}: static Lorg/gradle/tooling/internal/provider/serialization/ClassLoaderDetails;.<clinit>()V> (0x00000000ea32b978) 
thrown [s\src\hotspot\share\prims\jni.cpp, line 1108]
Event: 117.306 Thread 0x000001b54cd83460 Exception <a 'java/lang/NoSuchMethodError'{0x00000000ea33d3a0}: static Lorg/gradle/tooling/internal/provider/serialization/WellKnownClassLoaderRegistry$KnownClassLoaderSpec;.<clinit>()V> (0x00000000ea33d3a0) 
thrown [s\src\hotspot\share\prims\jni.cpp, line 1108]
Event: 117.306 Thread 0x000001b54cd83460 Exception <a 'java/lang/NoSuchMethodError'{0x00000000ea33ea18}: static Lorg/gradle/internal/classloader/ClassLoaderSpec;.<clinit>()V> (0x00000000ea33ea18) 
thrown [s\src\hotspot\share\prims\jni.cpp, line 1108]
Event: 117.307 Thread 0x000001b54cd83460 Exception <a 'java/lang/NoSuchMethodError'{0x00000000ea3494c0}: static Lorg/gradle/internal/classloader/ClassLoaderSpec;.<clinit>()V> (0x00000000ea3494c0) 
thrown [s\src\hotspot\share\prims\jni.cpp, line 1108]
Event: 117.307 Thread 0x000001b54cd83460 Exception <a 'java/lang/NoSuchMethodError'{0x00000000ea354fe8}: static Lorg/gradle/internal/classloader/VisitableURLClassLoader$Spec;.<clinit>()V> (0x00000000ea354fe8) 
thrown [s\src\hotspot\share\prims\jni.cpp, line 1108]
Event: 117.308 Thread 0x000001b54cd83460 Exception <a 'java/lang/NoSuchMethodError'{0x00000000ea371fc0}: static [Ljava/net/URL;.<clinit>()V> (0x00000000ea371fc0) 
thrown [s\src\hotspot\share\prims\jni.cpp, line 1108]

VM Operations (20 events):
Event: 116.905 Executing VM operation: HandshakeAllThreads
Event: 116.905 Executing VM operation: HandshakeAllThreads done
Event: 117.162 Executing VM operation: HandshakeAllThreads
Event: 117.162 Executing VM operation: HandshakeAllThreads done
Event: 117.167 Executing VM operation: HandshakeAllThreads
Event: 117.167 Executing VM operation: HandshakeAllThreads done
Event: 117.190 Executing VM operation: HandshakeAllThreads
Event: 117.190 Executing VM operation: HandshakeAllThreads done
Event: 117.195 Executing VM operation: HandshakeAllThreads
Event: 117.195 Executing VM operation: HandshakeAllThreads done
Event: 117.250 Executing VM operation: ICBufferFull
Event: 117.250 Executing VM operation: ICBufferFull done
Event: 117.253 Executing VM operation: HandshakeAllThreads
Event: 117.253 Executing VM operation: HandshakeAllThreads done
Event: 118.253 Executing VM operation: Cleanup
Event: 118.253 Executing VM operation: Cleanup done
Event: 120.215 Executing VM operation: HandshakeAllThreads
Event: 120.215 Executing VM operation: HandshakeAllThreads done
Event: 121.220 Executing VM operation: Cleanup
Event: 121.220 Executing VM operation: Cleanup done

Events (20 events):
Event: 117.302 loading class java/util/Locale$1
Event: 117.302 loading class java/util/Locale$1 done
Event: 117.307 loading class java/net/UrlDeserializedState
Event: 117.307 loading class java/net/UrlDeserializedState done
Event: 117.309 Thread 0x000001b54cc8e9b0 Thread exited: 0x000001b54cc8e9b0
Event: 117.311 Thread 0x000001b54cd83940 Thread exited: 0x000001b54cd83940
Event: 117.926 Thread 0x000001b54d5d9a50 Thread exited: 0x000001b54d5d9a50
Event: 117.926 Thread 0x000001b54d5d7520 Thread exited: 0x000001b54d5d7520
Event: 128.668 Thread 0x000001b55071da30 Thread added: 0x000001b55071da30
Event: 128.670 Thread 0x000001b550721c00 Thread added: 0x000001b550721c00
Event: 128.670 Thread 0x000001b55071d520 Thread added: 0x000001b55071d520
Event: 128.672 Thread 0x000001b550721c00 Thread exited: 0x000001b550721c00
Event: 128.674 Thread 0x000001b55071ee70 Thread added: 0x000001b55071ee70
Event: 128.675 Thread 0x000001b5507211e0 Thread added: 0x000001b5507211e0
Event: 128.675 Thread 0x000001b55071b1b0 Thread added: 0x000001b55071b1b0
Event: 128.684 Thread 0x000001b5507202b0 Thread added: 0x000001b5507202b0
Event: 128.687 Thread 0x000001b55071cb00 Thread added: 0x000001b55071cb00
Event: 128.688 Thread 0x000001b5507207c0 Thread added: 0x000001b5507207c0
Event: 128.690 Thread 0x000001b55071e450 Thread added: 0x000001b55071e450
Event: 128.698 Thread 0x000001b55071fda0 Thread added: 0x000001b55071fda0


Dynamic libraries:
0x00007ff7d30c0000 - 0x00007ff7d30ca000 	C:\Program Files\JetBrains\IntelliJ IDEA 2023.2.4\jbr\bin\java.exe
0x00007ffdd8370000 - 0x00007ffdd8568000 	C:\Windows\SYSTEM32\ntdll.dll
0x00007ffdd70c0000 - 0x00007ffdd717d000 	C:\Windows\System32\KERNEL32.DLL
0x00007ffdd5ce0000 - 0x00007ffdd5fd6000 	C:\Windows\System32\KERNELBASE.dll
0x00007ffdd60f0000 - 0x00007ffdd61f0000 	C:\Windows\System32\ucrtbase.dll
0x00007ffd68670000 - 0x00007ffd6868b000 	C:\Program Files\JetBrains\IntelliJ IDEA 2023.2.4\jbr\bin\VCRUNTIME140.dll
0x00007ffd586f0000 - 0x00007ffd58707000 	C:\Program Files\JetBrains\IntelliJ IDEA 2023.2.4\jbr\bin\jli.dll
0x00007ffdd6c50000 - 0x00007ffdd6def000 	C:\Windows\System32\USER32.dll
0x00007ffdd5b70000 - 0x00007ffdd5b92000 	C:\Windows\System32\win32u.dll
0x00007ffdbd370000 - 0x00007ffdbd60a000 	C:\Windows\WinSxS\amd64_microsoft.windows.common-controls_6595b64144ccf1df_6.0.19041.3636_none_60b6a03d71f818d5\COMCTL32.dll
0x00007ffdd7180000 - 0x00007ffdd721e000 	C:\Windows\System32\msvcrt.dll
0x00007ffdd6c20000 - 0x00007ffdd6c4b000 	C:\Windows\System32\GDI32.dll
0x00007ffdd5a20000 - 0x00007ffdd5b37000 	C:\Windows\System32\gdi32full.dll
0x00007ffdd5fe0000 - 0x00007ffdd607d000 	C:\Windows\System32\msvcp_win.dll
0x00007ffdd7410000 - 0x00007ffdd7442000 	C:\Windows\System32\IMM32.DLL
0x00007ffd698b0000 - 0x00007ffd698bc000 	C:\Program Files\JetBrains\IntelliJ IDEA 2023.2.4\jbr\bin\vcruntime140_1.dll
0x00007ffd4f6d0000 - 0x00007ffd4f75d000 	C:\Program Files\JetBrains\IntelliJ IDEA 2023.2.4\jbr\bin\msvcp140.dll
0x00007ffd62b80000 - 0x00007ffd63803000 	C:\Program Files\JetBrains\IntelliJ IDEA 2023.2.4\jbr\bin\server\jvm.dll
0x00007ffdd63a0000 - 0x00007ffdd6450000 	C:\Windows\System32\ADVAPI32.dll
0x00007ffdd7220000 - 0x00007ffdd72c0000 	C:\Windows\System32\sechost.dll
0x00007ffdd6f80000 - 0x00007ffdd70a3000 	C:\Windows\System32\RPCRT4.dll
0x00007ffdd5b40000 - 0x00007ffdd5b67000 	C:\Windows\System32\bcrypt.dll
0x00007ffdd4f20000 - 0x00007ffdd4f6b000 	C:\Windows\SYSTEM32\POWRPROF.dll
0x00007ffd7db00000 - 0x00007ffd7db09000 	C:\Windows\SYSTEM32\WSOCK32.dll
0x00007ffdc69f0000 - 0x00007ffdc6a17000 	C:\Windows\SYSTEM32\WINMM.dll
0x00007ffdd78c0000 - 0x00007ffdd792b000 	C:\Windows\System32\WS2_32.dll
0x00007ffdcf2e0000 - 0x00007ffdcf2ea000 	C:\Windows\SYSTEM32\VERSION.dll
0x00007ffdd4de0000 - 0x00007ffdd4df2000 	C:\Windows\SYSTEM32\UMPDC.dll
0x00007ffdd3890000 - 0x00007ffdd38a2000 	C:\Windows\SYSTEM32\kernel.appcore.dll
0x00007ffd62b70000 - 0x00007ffd62b7a000 	C:\Program Files\JetBrains\IntelliJ IDEA 2023.2.4\jbr\bin\jimage.dll
0x00007ffdc24b0000 - 0x00007ffdc2694000 	C:\Windows\SYSTEM32\DBGHELP.DLL
0x00007ffdb34e0000 - 0x00007ffdb3514000 	C:\Windows\SYSTEM32\dbgcore.DLL
0x00007ffdd5c50000 - 0x00007ffdd5cd2000 	C:\Windows\System32\bcryptPrimitives.dll
0x00007ffd65ac0000 - 0x00007ffd65ae5000 	C:\Program Files\JetBrains\IntelliJ IDEA 2023.2.4\jbr\bin\java.dll
0x00007ffd65aa0000 - 0x00007ffd65ab8000 	C:\Program Files\JetBrains\IntelliJ IDEA 2023.2.4\jbr\bin\zip.dll
0x00007ffdd7b10000 - 0x00007ffdd827b000 	C:\Windows\System32\SHELL32.dll
0x00007ffdd3a90000 - 0x00007ffdd422e000 	C:\Windows\SYSTEM32\windows.storage.dll
0x00007ffdd65d0000 - 0x00007ffdd6923000 	C:\Windows\System32\combase.dll
0x00007ffdd5370000 - 0x00007ffdd539e000 	C:\Windows\SYSTEM32\Wldp.dll
0x00007ffdd6eb0000 - 0x00007ffdd6f7d000 	C:\Windows\System32\OLEAUT32.dll
0x00007ffdd8280000 - 0x00007ffdd832d000 	C:\Windows\System32\SHCORE.dll
0x00007ffdd6e50000 - 0x00007ffdd6ea5000 	C:\Windows\System32\shlwapi.dll
0x00007ffdd5950000 - 0x00007ffdd5973000 	C:\Windows\SYSTEM32\profapi.dll
0x00007ffd65030000 - 0x00007ffd65049000 	C:\Program Files\JetBrains\IntelliJ IDEA 2023.2.4\jbr\bin\net.dll
0x00007ffdcf6e0000 - 0x00007ffdcf7ea000 	C:\Windows\SYSTEM32\WINHTTP.dll
0x00007ffdd5150000 - 0x00007ffdd51ba000 	C:\Windows\system32\mswsock.dll
0x00007ffd64bc0000 - 0x00007ffd64bd6000 	C:\Program Files\JetBrains\IntelliJ IDEA 2023.2.4\jbr\bin\nio.dll
0x00007ffd57520000 - 0x00007ffd57530000 	C:\Program Files\JetBrains\IntelliJ IDEA 2023.2.4\jbr\bin\verify.dll
0x00007ffdb27b0000 - 0x00007ffdb27d7000 	C:\Users\karla\.gradle\native\e1d6ef7f7dcc3fd88c89a11ec53ec762bb8ba0a96d01ffa2cd45eb1d1d8dd5c5\windows-amd64\native-platform.dll
0x00007ffda7430000 - 0x00007ffda7574000 	C:\Users\karla\.gradle\native\0d407fdbe67a94daf76414ababcb853783967236a71b16ec16e742cd7a986fd3\windows-amd64\native-platform-file-events.dll
0x00007ffd63830000 - 0x00007ffd63839000 	C:\Program Files\JetBrains\IntelliJ IDEA 2023.2.4\jbr\bin\management.dll
0x00007ffd63820000 - 0x00007ffd6382b000 	C:\Program Files\JetBrains\IntelliJ IDEA 2023.2.4\jbr\bin\management_ext.dll
0x00007ffdd69e0000 - 0x00007ffdd69e8000 	C:\Windows\System32\PSAPI.DLL
0x00007ffdd56c0000 - 0x00007ffdd56d8000 	C:\Windows\SYSTEM32\CRYPTSP.dll
0x00007ffdd4a20000 - 0x00007ffdd4a54000 	C:\Windows\system32\rsaenh.dll
0x00007ffdd58d0000 - 0x00007ffdd58fe000 	C:\Windows\SYSTEM32\USERENV.dll
0x00007ffdd52e0000 - 0x00007ffdd52ec000 	C:\Windows\SYSTEM32\CRYPTBASE.dll
0x00007ffdd4e00000 - 0x00007ffdd4e3b000 	C:\Windows\SYSTEM32\IPHLPAPI.DLL
0x00007ffdd7a10000 - 0x00007ffdd7a18000 	C:\Windows\System32\NSI.dll
0x00007ffdcfeb0000 - 0x00007ffdcfec7000 	C:\Windows\SYSTEM32\dhcpcsvc6.DLL
0x00007ffdcfe90000 - 0x00007ffdcfead000 	C:\Windows\SYSTEM32\dhcpcsvc.DLL
0x00007ffdd4e40000 - 0x00007ffdd4f0b000 	C:\Windows\SYSTEM32\DNSAPI.dll
0x00007ffd64580000 - 0x00007ffd64589000 	C:\Program Files\JetBrains\IntelliJ IDEA 2023.2.4\jbr\bin\extnet.dll
0x00007ffd57290000 - 0x00007ffd5729e000 	C:\Program Files\JetBrains\IntelliJ IDEA 2023.2.4\jbr\bin\sunmscapi.dll
0x00007ffdd61f0000 - 0x00007ffdd634e000 	C:\Windows\System32\CRYPT32.dll
0x00007ffdd53e0000 - 0x00007ffdd5408000 	C:\Windows\SYSTEM32\ncrypt.dll
0x00007ffdd53a0000 - 0x00007ffdd53db000 	C:\Windows\SYSTEM32\NTASN1.dll
0x00007ffd7f0b0000 - 0x00007ffd7f0b7000 	C:\Windows\system32\wshunix.dll
0x00007ffdc0e40000 - 0x00007ffdc0e4a000 	C:\Windows\System32\rasadhlp.dll
0x00007ffdc1690000 - 0x00007ffdc1710000 	C:\Windows\System32\fwpuclnt.dll

dbghelp: loaded successfully - version: 4.0.5 - missing functions: none
symbol engine: initialized successfully - sym options: 0x614 - pdb path: .;C:\Program Files\JetBrains\IntelliJ IDEA 2023.2.4\jbr\bin;C:\Windows\SYSTEM32;C:\Windows\WinSxS\amd64_microsoft.windows.common-controls_6595b64144ccf1df_6.0.19041.3636_none_60b6a03d71f818d5;C:\Program Files\JetBrains\IntelliJ IDEA 2023.2.4\jbr\bin\server;C:\Users\karla\.gradle\native\e1d6ef7f7dcc3fd88c89a11ec53ec762bb8ba0a96d01ffa2cd45eb1d1d8dd5c5\windows-amd64;C:\Users\karla\.gradle\native\0d407fdbe67a94daf76414ababcb853783967236a71b16ec16e742cd7a986fd3\windows-amd64

VM Arguments:
jvm_args: --add-opens=java.base/java.util=ALL-UNNAMED --add-opens=java.base/java.lang=ALL-UNNAMED --add-opens=java.base/java.lang.invoke=ALL-UNNAMED --add-opens=java.base/java.util=ALL-UNNAMED --add-opens=java.prefs/java.util.prefs=ALL-UNNAMED --add-opens=java.prefs/java.util.prefs=ALL-UNNAMED --add-opens=java.base/java.nio.charset=ALL-UNNAMED --add-opens=java.base/java.net=ALL-UNNAMED --add-opens=java.base/java.util.concurrent.atomic=ALL-UNNAMED -XX:MaxMetaspaceSize=256m -XX:+HeapDumpOnOutOfMemoryError -Xms256m -Xmx512m -Dfile.encoding=windows-1252 -Duser.country=BR -Duser.language=pt -Duser.variant 
java_command: org.gradle.launcher.daemon.bootstrap.GradleDaemon 7.5
java_class_path (initial): C:\Users\karla\.gradle\wrapper\dists\gradle-7.5-bin\f1w0cc9nuo0eivz97x2xlu9sv\gradle-7.5\lib\gradle-launcher-7.5.jar
Launcher Type: SUN_STANDARD

[Global flags]
     intx CICompilerCount                          = 4                                         {product} {ergonomic}
   size_t CompressedClassSpaceSize                 = 218103808                                 {product} {ergonomic}
     uint ConcGCThreads                            = 3                                         {product} {ergonomic}
     uint G1ConcRefinementThreads                  = 10                                        {product} {ergonomic}
   size_t G1HeapRegionSize                         = 1048576                                   {product} {ergonomic}
    uintx GCDrainStackTargetSize                   = 64                                        {product} {ergonomic}
     bool HeapDumpOnOutOfMemoryError               = true                                   {manageable} {command line}
   size_t InitialHeapSize                          = 268435456                                 {product} {command line}
   size_t MarkStackSize                            = 4194304                                   {product} {ergonomic}
   size_t MaxHeapSize                              = 536870912                                 {product} {command line}
   size_t MaxMetaspaceSize                         = 268435456                                 {product} {command line}
   size_t MaxNewSize                               = 321912832                                 {product} {ergonomic}
   size_t MinHeapDeltaBytes                        = 1048576                                   {product} {ergonomic}
   size_t MinHeapSize                              = 268435456                                 {product} {command line}
    uintx NonNMethodCodeHeapSize                   = 5839372                                {pd product} {ergonomic}
    uintx NonProfiledCodeHeapSize                  = 122909434                              {pd product} {ergonomic}
    uintx ProfiledCodeHeapSize                     = 122909434                              {pd product} {ergonomic}
    uintx ReservedCodeCacheSize                    = 251658240                              {pd product} {ergonomic}
     bool SegmentedCodeCache                       = true                                      {product} {ergonomic}
   size_t SoftMaxHeapSize                          = 536870912                              {manageable} {ergonomic}
     bool UseCompressedClassPointers               = true                           {product lp64_product} {ergonomic}
     bool UseCompressedOops                        = true                           {product lp64_product} {ergonomic}
     bool UseG1GC                                  = true                                      {product} {ergonomic}
     bool UseLargePagesIndividualAllocation        = false                                  {pd product} {ergonomic}

Logging:
Log output configuration:
 #0: stdout all=warning uptime,level,tags
 #1: stderr all=off uptime,level,tags

Environment Variables:
PATH=C:\Windows\system32;C:\Windows;C:\Windows\System32\Wbem;C:\Windows\System32\WindowsPowerShell\v1.0\;C:\Windows\System32\OpenSSH\;C:\Program Files\NVIDIA Corporation\NVIDIA NvDLISR;C:\Program Files (x86)\NVIDIA Corporation\PhysX\Common;C:\Program Files\Git\cmd;C:\Program Files\dotnet\;C:\Program Files\Docker\Docker\resources\bin;C:\Users\karla\AppData\Local\Microsoft\WindowsApps;C:\Users\karla\AppData\Local\Programs\Microsoft VS Code\bin;C:\Users\karla\AppData\Local\JetBrains\Toolbox\scripts;
USERNAME=karla
OS=Windows_NT
PROCESSOR_IDENTIFIER=AMD64 Family 25 Model 33 Stepping 0, AuthenticAMD
TMP=C:\Users\karla\AppData\Local\Temp
TEMP=C:\Users\karla\AppData\Local\Temp



Periodic native trim disabled

JNI global refs:
JNI global refs: 27, weak refs: 0

JNI global refs memory usage: 843, weak refs: 841

OOME stack traces (most recent first):
Classloader memory used:
Loader org.gradle.internal.classloader.VisitableURLClassLoader                         : 3592K
Loader bootstrap                                                                       : 3373K
Loader org.gradle.initialization.MixInLegacyTypesClassLoader                           : 1452K
Loader jdk.internal.loader.ClassLoaders$AppClassLoader                                 : 820K
Loader org.gradle.internal.classloader.VisitableURLClassLoader                         : 270K
Loader jdk.internal.loader.ClassLoaders$PlatformClassLoader                            : 125K
Loader jdk.internal.reflect.DelegatingClassLoader                                      : 52786B
Loader org.gradle.groovy.scripts.internal.DefaultScriptCompilationHandler$ScriptClassLoader: 16772B
Loader java.net.URLClassLoader                                                         : 7211B
Loader org.codehaus.groovy.runtime.callsite.CallSiteClassLoader                        : 3280B
Loader lombok.launch.ShadowClassLoader                                                 : 2430B
Loader sun.reflect.misc.MethodUtil                                                     : 373B

Classes loaded by more than one classloader:
Class org.gradle.internal.installation.GradleInstallation                             : loaded 2 times (x 73B)
Class org.gradle.internal.classpath.ClassPath                                         : loaded 2 times (x 68B)
Class org.gradle.api.internal.classpath.DefaultModuleRegistry                         : loaded 2 times (x 84B)
Class org.gradle.api.Action                                                           : loaded 2 times (x 68B)
Class org.gradle.api.internal.DefaultClassPathProvider                                : loaded 2 times (x 74B)
Class org.gradle.internal.installation.GradleInstallation$1                           : loaded 2 times (x 73B)
Class org.gradle.internal.classloader.FilteringClassLoader                            : loaded 2 times (x 103B)
Class org.gradle.internal.classpath.DefaultClassPath$ImmutableUniqueList$Builder      : loaded 2 times (x 73B)
Class org.gradle.internal.classloader.ClassLoaderVisitor                              : loaded 2 times (x 74B)
Class org.gradle.internal.service.DefaultServiceLocator                               : loaded 2 times (x 81B)
Class org.gradle.internal.service.UnknownServiceException                             : loaded 2 times (x 81B)
Class org.gradle.internal.classloader.DefaultClassLoaderFactory                       : loaded 2 times (x 80B)
Class org.gradle.internal.classloader.VisitableURLClassLoader$Spec                    : loaded 2 times (x 72B)
Class org.gradle.api.GradleException                                                  : loaded 2 times (x 80B)
Class org.gradle.api.internal.classpath.ModuleRegistry                                : loaded 2 times (x 68B)
Class org.gradle.api.internal.ClassPathProvider                                       : loaded 2 times (x 68B)
Class org.gradle.internal.classloader.ClasspathUtil$1                                 : loaded 2 times (x 74B)
Class build_bb2u6f7qtxjpdeo2nlg35744n                                                 : loaded 2 times (x 178B)
Class org.gradle.internal.classloader.ClassLoaderFactory                              : loaded 2 times (x 68B)
Class org.gradle.api.internal.classpath.ManifestUtil                                  : loaded 2 times (x 69B)
Class org.gradle.api.specs.Spec                                                       : loaded 2 times (x 68B)
Class org.gradle.internal.IoActions                                                   : loaded 2 times (x 69B)
Class org.gradle.api.internal.classpath.EffectiveClassPath                            : loaded 2 times (x 88B)
Class org.gradle.internal.installation.CurrentGradleInstallation                      : loaded 2 times (x 71B)
Class org.gradle.internal.installation.CurrentGradleInstallationLocator               : loaded 2 times (x 69B)
Class org.gradle.api.internal.classpath.Module                                        : loaded 2 times (x 68B)
Class org.gradle.internal.service.CachingServiceLocator                               : loaded 2 times (x 80B)
Class org.gradle.internal.classpath.DefaultClassPath                                  : loaded 2 times (x 88B)
Class org.gradle.api.Transformer                                                      : loaded 2 times (x 68B)
Class settings_a9r3a3vat4s2y4q11bxep4stf                                              : loaded 2 times (x 177B)
Class org.gradle.internal.classloader.SystemClassLoaderSpec                           : loaded 2 times (x 69B)
Class org.gradle.api.UncheckedIOException                                             : loaded 2 times (x 80B)
Class org.gradle.internal.classloader.ClasspathUtil                                   : loaded 2 times (x 69B)
Class org.gradle.api.internal.DefaultClassPathRegistry                                : loaded 2 times (x 74B)
Class org.gradle.api.internal.classpath.DefaultModuleRegistry$DefaultModule           : loaded 2 times (x 84B)
Class org.gradle.api.internal.classpath.UnknownModuleException                        : loaded 2 times (x 80B)
Class org.gradle.internal.service.ServiceLookupException                              : loaded 2 times (x 80B)
Class org.gradle.cache.GlobalCache                                                    : loaded 2 times (x 68B)
Class [Lorg.gradle.api.internal.ClassPathProvider;                                    : loaded 2 times (x 67B)
Class org.gradle.util.internal.GUtil                                                  : loaded 2 times (x 69B)
Class org.gradle.internal.classloader.ClassLoaderSpec                                 : loaded 2 times (x 69B)
Class org.gradle.internal.classloader.VisitableURLClassLoader                         : loaded 2 times (x 115B)
Class org.gradle.internal.Cast                                                        : loaded 2 times (x 69B)
Class org.gradle.api.internal.ClassPathRegistry                                       : loaded 2 times (x 68B)
Class org.gradle.internal.classloader.ClassLoaderHierarchy                            : loaded 2 times (x 68B)
Class build_bb2u6f7qtxjpdeo2nlg35744n$_run_closure1                                   : loaded 2 times (x 134B)
Class org.gradle.internal.service.ServiceLocator                                      : loaded 2 times (x 68B)
Class org.gradle.internal.classpath.DefaultClassPath$ImmutableUniqueList              : loaded 2 times (x 159B)


---------------  S Y S T E M  ---------------

OS:
 Windows 10 , 64 bit Build 19041 (10.0.19041.3636)
OS uptime: 0 days 0:56 hours
Hyper-V role detected

CPU: total 12 (initial active 12) (12 cores per cpu, 2 threads per core) family 25 model 33 stepping 0 microcode 0x0, cx8, cmov, fxsr, ht, mmx, 3dnowpref, sse, sse2, sse3, ssse3, sse4a, sse4.1, sse4.2, popcnt, lzcnt, tsc, tscinvbit, avx, avx2, aes, erms, clmul, bmi1, bmi2, adx, sha, fma, vzeroupper, clflush, clflushopt, hv
Processor Information for all 12 processors :
  Max Mhz: 3701, Current Mhz: 3701, Mhz Limit: 3701

Memory: 4k page, system-wide physical 16291M (2590M free)
TotalPageFile size 18667M (AvailPageFile size 7M)
current process WorkingSet (physical memory assigned to process): 435M, peak: 445M
current process commit charge ("private bytes"): 513M, peak: 527M

vm_info: OpenJDK 64-Bit Server VM (17.0.10+1-b1087.21) for windows-amd64 JRE (17.0.10+1-b1087.21), built on 2024-03-02 by "builduser" with MS VC++ 16.10 / 16.11 (VS2019)

END.
